#
# A fatal error has been detected by the Java Runtime Environment:
#
#  SIGSEGV (0xb) at pc=0x00007f5286d26c08, pid=4802, tid=0x00007f52684f4700
#
# JRE version: OpenJDK Runtime Environment (8.0_202) (build 1.8.0_202-release-1483-b49-5587405)
# Java VM: OpenJDK 64-Bit Server VM (25.202-b49-5587405 mixed mode linux-amd64 compressed oops)
# Problematic frame:
# V  [libjvm.so+0x5f4c08]  PhaseChaitin::interfere_with_live(unsigned int, IndexSet*)+0x138
#
# Failed to write core dump. Core dumps have been disabled. To enable core dumping, try "ulimit -c unlimited" before starting Java again
#
# If you would like to submit a bug report, please visit:
#   http://bugreport.java.com/bugreport/crash.jsp
#

---------------  T H R E A D  ---------------

Current thread (0x00007f52800c2800):  JavaThread "C2 CompilerThread0" daemon [_thread_in_native, id=4820, stack(0x00007f52683f5000,0x00007f52684f5000)]

siginfo: si_signo: 11 (SIGSEGV), si_code: 2 (SEGV_ACCERR), si_addr: 0x00007f525512ebe0

Registers:
RAX=0x00007f525512eb60, RBX=0x00007f52684f05e0, RCX=0x000000000000106d, RDX=0x0000000000000010
RSP=0x00007f52684f05d0, RBP=0x00007f52684f0650, RSI=0x00007f52684f0960, RDI=0x000000000000106d
R8 =0x00007f524f20cc80, R9 =0x0000000000002000, R10=0x0000000000000000, R11=0x0000000000000000
R12=0x0000000000002c47, R13=0x00000000001bac60, R14=0x00007f52354a7e98, R15=0x00007f52684f0ba0
RIP=0x00007f5286d26c08, EFLAGS=0x0000000000010202, CSGSFS=0x002b000000000033, ERR=0x0000000000000004
  TRAPNO=0x000000000000000e

Top of Stack: (sp=0x00007f52684f05d0)
0x00007f52684f05d0:   00002c39000001a0 00007f524f20cd20
0x00007f52684f05e0:   0000106f00000000 00007f5200000004
0x00007f52684f05f0:   00007f52049f26a0 00007f5200000011
0x00007f52684f0600:   00007f5234b14a10 00007f5200000034
0x00007f52684f0610:   00007f52684f07e0 00007f52684f06e0
0x00007f52684f0620:   00007f52684f0630 00007f522ca3d170
0x00007f52684f0630:   00007f52201dd308 00007f52354a7e98
0x00007f52684f0640:   0000000000002c47 00007f52684f0ba0
0x00007f52684f0650:   00007f52684f08b0 00007f5286d27d4f
0x00007f52684f0660:   00007f5234dd4960 00007f52684f06e0
0x00007f52684f0670:   00007f52684f06f0 fffffffe00000006
0x00007f52684f0680:   00007f52345c9f40 0000000000000000
0x00007f52684f0690:   00007f52684f0730 00007f52684f0760
0x00007f52684f06a0:   0000000000000002 00007f52684f07e0
0x00007f52684f06b0:   0000001b000006e3 00007f523549e300
0x00007f52684f06c0:   000000000011fcd8 00007f52201dd308
0x00007f52684f06d0:   0000001000000011 3f3ca85820000000
0x00007f52684f06e0:   0000000000000001 00007f52284c79e8
0x00007f52684f06f0:   0000001a0000001c 00007f5234eb0cd0
0x00007f52684f0700:   0000000000f00000 0000000000000000
0x00007f52684f0710:   0000000000000000 ffffffffffffffc0
0x00007f52684f0720:   ffffffffffffffff 00007f528750365b
0x00007f52684f0730:   0000000000300000 0000000000000000
0x00007f52684f0740:   0000000000000000 0000000000000000
0x00007f52684f0750:   0000000000000000 a03ec5d8e6c87b00
0x00007f52684f0760:   00002c3e00000000 00007f5200000008
0x00007f52684f0770:   00007f52049f2640 00007f5200000034
0x00007f52684f0780:   00007f5234b14a10 00007f5200000034
0x00007f52684f0790:   00007f52684f07e0 00007f5286a14f16
0x00007f52684f07a0:   00002c3e00000000 0303030300000008
0x00007f52684f07b0:   00007f52049f2640 0000000000000034
0x00007f52684f07c0:   00007f5234b14a10 0000000000000034 

Instructions: (pc=0x00007f5286d26c08)
0x00007f5286d26be8:   09 c2 44 09 c2 0f 84 2d ff ff ff 41 39 cc 72 71
0x00007f5286d26bf8:   4d 89 e8 4c 03 46 10 49 8b 40 08 89 ca c1 ea 08
0x00007f5286d26c08:   48 8b 04 d0 48 3b 05 b5 4f 63 00 74 7b be 01 00
0x00007f5286d26c18:   00 00 d3 e6 c1 e9 05 83 e1 07 48 8d 14 88 8b 02 

Register to memory mapping:

RAX=0x00007f525512eb60 is an unknown value
RBX=0x00007f52684f05e0 is pointing into the stack for thread: 0x00007f52800c2800
RCX=0x000000000000106d is an unknown value
RDX=0x0000000000000010 is an unknown value
RSP=0x00007f52684f05d0 is pointing into the stack for thread: 0x00007f52800c2800
RBP=0x00007f52684f0650 is pointing into the stack for thread: 0x00007f52800c2800
RSI=0x00007f52684f0960 is pointing into the stack for thread: 0x00007f52800c2800
RDI=0x000000000000106d is an unknown value
R8 =0x00007f524f20cc80 is an unknown value
R9 =0x0000000000002000 is an unknown value
R10=0x0000000000000000 is an unknown value
R11=0x0000000000000000 is an unknown value
R12=0x0000000000002c47 is an unknown value
R13=0x00000000001bac60 is an unknown value
R14=0x00007f52354a7e98 is an unknown value
R15=0x00007f52684f0ba0 is pointing into the stack for thread: 0x00007f52800c2800


Stack: [0x00007f52683f5000,0x00007f52684f5000],  sp=0x00007f52684f05d0,  free space=1005k
Native frames: (J=compiled Java code, j=interpreted, Vv=VM code, C=native code)
V  [libjvm.so+0x5f4c08]  PhaseChaitin::interfere_with_live(unsigned int, IndexSet*)+0x138
V  [libjvm.so+0x5f5d4f]  PhaseChaitin::build_ifg_physical(ResourceArea*)+0x87f
V  [libjvm.so+0x3f9308]  PhaseChaitin::Register_Allocate()+0x5f8
V  [libjvm.so+0x480586]  Compile::Code_Gen()+0x2e6
V  [libjvm.so+0x48191e]  Compile::Compile(ciEnv*, C2Compiler*, ciMethod*, int, bool, bool, bool)+0x113e
V  [libjvm.so+0x3dd268]  C2Compiler::compile_method(ciEnv*, ciMethod*, int)+0x1c8
V  [libjvm.so+0x489e16]  CompileBroker::invoke_compiler_on_method(CompileTask*)+0x826
V  [libjvm.so+0x48acd8]  CompileBroker::compiler_thread_loop()+0x4e8
V  [libjvm.so+0x9b4e28]  JavaThread::thread_main_inner()+0xd8
V  [libjvm.so+0x86d652]  java_start(Thread*)+0xf2
C  [libpthread.so.0+0x9182]  start_thread+0xe2


Current CompileTask:
C2:   2001 1282   !   4       java.net.URLClassLoader$1::run (63 bytes)


---------------  P R O C E S S  ---------------

Java Threads: ( => current thread )
  0x00007f520464f800 JavaThread "Cache worker for file hash cache (/home/jakub/IntelliJIDEAProjects/AlarmClock/.gradle/5.4.1/fileHashes)" [_thread_blocked, id=4844, stack(0x00007f524f6fb000,0x00007f524f7fc000)]
  0x00007f5204113800 JavaThread "Cache worker for journal cache (/home/jakub/.gradle/caches/journal-1)" [_thread_blocked, id=4842, stack(0x00007f524f9fc000,0x00007f524fafd000)]
  0x00007f5204110800 JavaThread "File lock request listener" [_thread_in_native, id=4841, stack(0x00007f524fafd000,0x00007f524fbfe000)]
  0x00007f5204108000 JavaThread "Cache worker for file hash cache (/home/jakub/.gradle/caches/5.4.1/fileHashes)" [_thread_blocked, id=4840, stack(0x00007f524fbfe000,0x00007f524fcff000)]
  0x00007f5204015800 JavaThread "Thread-9" [_thread_in_vm, id=4839, stack(0x00007f524feff000,0x00007f5250000000)]
  0x00007f520400f000 JavaThread "Stdin handler" [_thread_blocked, id=4837, stack(0x00007f5260002000,0x00007f5260103000)]
  0x00007f520400d800 JavaThread "Asynchronous log dispatcher for DefaultDaemonConnection: socket connection from /127.0.0.1:37209 to /127.0.0.1:44518" [_thread_blocked, id=4836, stack(0x00007f5260103000,0x00007f5260204000)]
  0x00007f5208008000 JavaThread "Daemon worker" [_thread_in_vm, id=4834, stack(0x00007f5260204000,0x00007f5260305000)]
  0x00007f5208006000 JavaThread "Cancel handler" [_thread_blocked, id=4833, stack(0x00007f5260305000,0x00007f5260406000)]
  0x00007f5208004000 JavaThread "Handler for socket connection from /127.0.0.1:37209 to /127.0.0.1:44518" [_thread_in_native, id=4832, stack(0x00007f5260406000,0x00007f5260507000)]
  0x00007f521002b800 JavaThread "Daemon" [_thread_blocked, id=4831, stack(0x00007f5260507000,0x00007f5260608000)]
  0x00007f52802a1000 JavaThread "Daemon periodic checks" [_thread_blocked, id=4830, stack(0x00007f5260608000,0x00007f5260709000)]
  0x00007f528012f000 JavaThread "Incoming local TCP Connector on port 37209" [_thread_in_native, id=4829, stack(0x00007f5260710000,0x00007f5260811000)]
  0x00007f52811a5800 JavaThread "Daemon health stats" [_thread_blocked, id=4827, stack(0x00007f5260a15000,0x00007f5260b16000)]
  0x00007f52800d4000 JavaThread "Service Thread" daemon [_thread_blocked, id=4824, stack(0x00007f5262eac000,0x00007f5262fad000)]
  0x00007f52800c9000 JavaThread "C1 CompilerThread3" daemon [_thread_in_vm, id=4823, stack(0x00007f52680f2000,0x00007f52681f2000)]
  0x00007f52800c7000 JavaThread "C2 CompilerThread2" daemon [_thread_in_native, id=4822, stack(0x00007f52681f3000,0x00007f52682f3000)]
  0x00007f52800c5000 JavaThread "C2 CompilerThread1" daemon [_thread_blocked, id=4821, stack(0x00007f52682f4000,0x00007f52683f4000)]
=>0x00007f52800c2800 JavaThread "C2 CompilerThread0" daemon [_thread_in_native, id=4820, stack(0x00007f52683f5000,0x00007f52684f5000)]
  0x00007f52800be000 JavaThread "Signal Dispatcher" daemon [_thread_blocked, id=4819, stack(0x00007f52684f5000,0x00007f52685f6000)]
  0x00007f528008c800 JavaThread "Finalizer" daemon [_thread_blocked, id=4817, stack(0x00007f52685f6000,0x00007f52686f7000)]
  0x00007f528008a000 JavaThread "Reference Handler" daemon [_thread_blocked, id=4816, stack(0x00007f52686f7000,0x00007f52687f8000)]
  0x00007f528000b000 JavaThread "main" [_thread_blocked, id=4803, stack(0x00007f52864e4000,0x00007f52865e4000)]

Other Threads:
  0x00007f5280080800 VMThread [stack: 0x00007f52687f9000,0x00007f52688f9000] [id=4815]
  0x00007f52800d6800 WatcherThread [stack: 0x00007f5262dac000,0x00007f5262eac000] [id=4825]

VM state:not at safepoint (normal execution)

VM Mutex/Monitor currently owned by a thread: None

heap address: 0x00000000a0000000, size: 1536 MB, Compressed Oops mode: 32-bit
Narrow klass base: 0x0000000000000000, Narrow klass shift: 3
Compressed class space size: 1073741824 Address: 0x0000000100000000

Heap:
 PSYoungGen      total 68608K, used 30554K [0x00000000e0000000, 0x00000000e8600000, 0x0000000100000000)
  eden space 63488K, 40% used [0x00000000e0000000,0x00000000e18dab20,0x00000000e3e00000)
  from space 5120K, 99% used [0x00000000e3e00000,0x00000000e42fc040,0x00000000e4300000)
  to   space 5120K, 0% used [0x00000000e8100000,0x00000000e8100000,0x00000000e8600000)
 ParOldGen       total 84992K, used 5246K [0x00000000a0000000, 0x00000000a5300000, 0x00000000e0000000)
  object space 84992K, 6% used [0x00000000a0000000,0x00000000a051fb88,0x00000000a5300000)
 Metaspace       used 17496K, capacity 17856K, committed 18176K, reserved 1064960K
  class space    used 2555K, capacity 2704K, committed 2816K, reserved 1048576K

Card table byte_map: [0x00007f5285da7000,0x00007f52860a8000] byte_map_base: 0x00007f52858a7000

Marking Bits: (ParMarkBitMap*) 0x00007f528743d920
 Begin Bits: [0x00007f5269000000, 0x00007f526a800000)
 End Bits:   [0x00007f526a800000, 0x00007f526c000000)

Polling page: 0x00007f528769b000

CodeCache: size=245760Kb used=4679Kb max_used=4679Kb free=241080Kb
 bounds [0x00007f5271000000, 0x00007f52714a0000, 0x00007f5280000000]
 total_blobs=1830 nmethods=1436 adapters=308
 compilation: enabled

Compilation events (10 events):
Event: 1,987 Thread 0x00007f52800c9000 1435       3       org.gradle.internal.service.DefaultServiceRegistry::access$1200 (6 bytes)
Event: 1,987 Thread 0x00007f52800c9000 nmethod 1435 0x00007f527148e090 code [0x00007f527148e200, 0x00007f527148e368]
Event: 1,987 Thread 0x00007f52800c9000 1436       3       org.gradle.internal.service.DefaultServiceRegistry::isSatisfiedBy (44 bytes)
Event: 1,988 Thread 0x00007f52800c9000 nmethod 1436 0x00007f527148d690 code [0x00007f527148d840, 0x00007f527148df68]
Event: 1,988 Thread 0x00007f52800c9000 1432       3       java.util.concurrent.locks.ReentrantLock$Sync::<init> (5 bytes)
Event: 1,988 Thread 0x00007f52800c9000 nmethod 1432 0x00007f5271491950 code [0x00007f5271491ac0, 0x00007f5271491d30]
Event: 1,988 Thread 0x00007f52800c9000 1433       3       java.util.concurrent.locks.ReentrantLock$NonfairSync::<init> (5 bytes)
Event: 1,988 Thread 0x00007f52800c9000 nmethod 1433 0x00007f52714913d0 code [0x00007f5271491540, 0x00007f5271491810]
Event: 1,994 Thread 0x00007f52800c9000 1437       3       java.lang.Enum::<init> (15 bytes)
Event: 1,996 Thread 0x00007f52800c9000 nmethod 1437 0x00007f5271490b90 code [0x00007f5271490d00, 0x00007f5271490ed0]

GC Heap History (6 events):
Event: 0,532 GC heap before
{Heap before GC invocations=1 (full 0):
 PSYoungGen      total 36864K, used 31744K [0x00000000e0000000, 0x00000000e2900000, 0x0000000100000000)
  eden space 31744K, 100% used [0x00000000e0000000,0x00000000e1f00000,0x00000000e1f00000)
  from space 5120K, 0% used [0x00000000e2400000,0x00000000e2400000,0x00000000e2900000)
  to   space 5120K, 0% used [0x00000000e1f00000,0x00000000e1f00000,0x00000000e2400000)
 ParOldGen       total 84992K, used 0K [0x00000000a0000000, 0x00000000a5300000, 0x00000000e0000000)
  object space 84992K, 0% used [0x00000000a0000000,0x00000000a0000000,0x00000000a5300000)
 Metaspace       used 6503K, capacity 6672K, committed 6784K, reserved 1056768K
  class space    used 802K, capacity 844K, committed 896K, reserved 1048576K
Event: 0,541 GC heap after
Heap after GC invocations=1 (full 0):
 PSYoungGen      total 36864K, used 4146K [0x00000000e0000000, 0x00000000e4800000, 0x0000000100000000)
  eden space 31744K, 0% used [0x00000000e0000000,0x00000000e0000000,0x00000000e1f00000)
  from space 5120K, 80% used [0x00000000e1f00000,0x00000000e230c9b8,0x00000000e2400000)
  to   space 5120K, 0% used [0x00000000e4300000,0x00000000e4300000,0x00000000e4800000)
 ParOldGen       total 84992K, used 8K [0x00000000a0000000, 0x00000000a5300000, 0x00000000e0000000)
  object space 84992K, 0% used [0x00000000a0000000,0x00000000a0002000,0x00000000a5300000)
 Metaspace       used 6503K, capacity 6672K, committed 6784K, reserved 1056768K
  class space    used 802K, capacity 844K, committed 896K, reserved 1048576K
}
Event: 0,785 GC heap before
{Heap before GC invocations=2 (full 0):
 PSYoungGen      total 36864K, used 35890K [0x00000000e0000000, 0x00000000e4800000, 0x0000000100000000)
  eden space 31744K, 100% used [0x00000000e0000000,0x00000000e1f00000,0x00000000e1f00000)
  from space 5120K, 80% used [0x00000000e1f00000,0x00000000e230c9b8,0x00000000e2400000)
  to   space 5120K, 0% used [0x00000000e4300000,0x00000000e4300000,0x00000000e4800000)
 ParOldGen       total 84992K, used 8K [0x00000000a0000000, 0x00000000a5300000, 0x00000000e0000000)
  object space 84992K, 0% used [0x00000000a0000000,0x00000000a0002000,0x00000000a5300000)
 Metaspace       used 8751K, capacity 8996K, committed 9216K, reserved 1056768K
  class space    used 1142K, capacity 1202K, committed 1280K, reserved 1048576K
Event: 0,790 GC heap after
Heap after GC invocations=2 (full 0):
 PSYoungGen      total 68608K, used 4305K [0x00000000e0000000, 0x00000000e4800000, 0x0000000100000000)
  eden space 63488K, 0% used [0x00000000e0000000,0x00000000e0000000,0x00000000e3e00000)
  from space 5120K, 84% used [0x00000000e4300000,0x00000000e47345b0,0x00000000e4800000)
  to   space 5120K, 0% used [0x00000000e3e00000,0x00000000e3e00000,0x00000000e4300000)
 ParOldGen       total 84992K, used 16K [0x00000000a0000000, 0x00000000a5300000, 0x00000000e0000000)
  object space 84992K, 0% used [0x00000000a0000000,0x00000000a0004000,0x00000000a5300000)
 Metaspace       used 8751K, capacity 8996K, committed 9216K, reserved 1056768K
  class space    used 1142K, capacity 1202K, committed 1280K, reserved 1048576K
}
Event: 1,574 GC heap before
{Heap before GC invocations=3 (full 0):
 PSYoungGen      total 68608K, used 67793K [0x00000000e0000000, 0x00000000e4800000, 0x0000000100000000)
  eden space 63488K, 100% used [0x00000000e0000000,0x00000000e3e00000,0x00000000e3e00000)
  from space 5120K, 84% used [0x00000000e4300000,0x00000000e47345b0,0x00000000e4800000)
  to   space 5120K, 0% used [0x00000000e3e00000,0x00000000e3e00000,0x00000000e4300000)
 ParOldGen       total 84992K, used 16K [0x00000000a0000000, 0x00000000a5300000, 0x00000000e0000000)
  object space 84992K, 0% used [0x00000000a0000000,0x00000000a0004000,0x00000000a5300000)
 Metaspace       used 15289K, capacity 15762K, committed 16000K, reserved 1062912K
  class space    used 2194K, capacity 2349K, committed 2432K, reserved 1048576K
Event: 1,597 GC heap after
Heap after GC invocations=3 (full 0):
 PSYoungGen      total 68608K, used 5104K [0x00000000e0000000, 0x00000000e8600000, 0x0000000100000000)
  eden space 63488K, 0% used [0x00000000e0000000,0x00000000e0000000,0x00000000e3e00000)
  from space 5120K, 99% used [0x00000000e3e00000,0x00000000e42fc040,0x00000000e4300000)
  to   space 5120K, 0% used [0x00000000e8100000,0x00000000e8100000,0x00000000e8600000)
 ParOldGen       total 84992K, used 5246K [0x00000000a0000000, 0x00000000a5300000, 0x00000000e0000000)
  object space 84992K, 6% used [0x00000000a0000000,0x00000000a051fb88,0x00000000a5300000)
 Metaspace       used 15289K, capacity 15762K, committed 16000K, reserved 1062912K
  class space    used 2194K, capacity 2349K, committed 2432K, reserved 1048576K
}

Deoptimization events (10 events):
Event: 0,938 Thread 0x00007f5208004000 Uncommon trap: reason=unstable_if action=reinterpret pc=0x00007f5271374e68 method=java.util.concurrent.ConcurrentHashMap.putVal(Ljava/lang/Object;Ljava/lang/Object;Z)Ljava/lang/Object; @ 206
Event: 0,985 Thread 0x00007f5208008000 Uncommon trap: reason=class_check action=maybe_recompile pc=0x00007f5271267044 method=java.util.HashMap.putVal(ILjava/lang/Object;Ljava/lang/Object;ZZ)Ljava/lang/Object; @ 203
Event: 0,985 Thread 0x00007f5208008000 Uncommon trap: reason=class_check action=maybe_recompile pc=0x00007f5271267044 method=java.util.HashMap.putVal(ILjava/lang/Object;Ljava/lang/Object;ZZ)Ljava/lang/Object; @ 203
Event: 0,986 Thread 0x00007f5208008000 Uncommon trap: reason=class_check action=maybe_recompile pc=0x00007f5271267044 method=java.util.HashMap.putVal(ILjava/lang/Object;Ljava/lang/Object;ZZ)Ljava/lang/Object; @ 203
Event: 1,184 Thread 0x00007f5208008000 Uncommon trap: reason=class_check action=maybe_recompile pc=0x00007f527129548c method=java.util.regex.Matcher.match(II)Z @ 86
Event: 1,196 Thread 0x00007f5208008000 Uncommon trap: reason=class_check action=maybe_recompile pc=0x00007f527129548c method=java.util.regex.Matcher.match(II)Z @ 86
Event: 1,197 Thread 0x00007f5208008000 Uncommon trap: reason=class_check action=maybe_recompile pc=0x00007f527129548c method=java.util.regex.Matcher.match(II)Z @ 86
Event: 1,197 Thread 0x00007f5208008000 Uncommon trap: reason=class_check action=maybe_recompile pc=0x00007f527114f104 method=java.util.regex.Matcher.match(II)Z @ 86
Event: 1,463 Thread 0x00007f5208008000 Uncommon trap: reason=unstable_if action=reinterpret pc=0x00007f52713589d4 method=java.lang.String.lastIndexOf([CII[CIII)I @ 66
Event: 1,988 Thread 0x00007f5208008000 Uncommon trap: reason=unstable_if action=reinterpret pc=0x00007f52712881a8 method=java.io.File.getName()Ljava/lang/String; @ 16

Classes redefined (0 events):
No events

Internal exceptions (10 events):
Event: 0,714 Thread 0x00007f528000b000 Implicit null exception at 0x00007f52712459f4 to 0x00007f5271245a85
Event: 0,792 Thread 0x00007f528000b000 Exception <a 'java/lang/NoSuchFieldError': method resolution failed> (0x00000000e0010c98) thrown at [/usr/local/google/buildbot/src/googleplex-android/openjdk/out/hotspot/src/share/vm/prims/methodHandles.cpp, line 1167]
Event: 0,793 Thread 0x00007f528000b000 Exception <a 'java/lang/NoSuchFieldError': method resolution failed> (0x00000000e001e9b8) thrown at [/usr/local/google/buildbot/src/googleplex-android/openjdk/out/hotspot/src/share/vm/prims/methodHandles.cpp, line 1167]
Event: 0,938 Thread 0x00007f5208004000 Exception <a 'java/lang/NoSuchMethodError': <clinit>> (0x00000000e09dd770) thrown at [/usr/local/google/buildbot/src/googleplex-android/openjdk/out/hotspot/src/share/vm/prims/jni.cpp, line 1614]
Event: 0,940 Thread 0x00007f5208004000 Exception <a 'java/lang/NoSuchMethodError': <clinit>> (0x00000000e09e7538) thrown at [/usr/local/google/buildbot/src/googleplex-android/openjdk/out/hotspot/src/share/vm/prims/jni.cpp, line 1614]
Event: 0,942 Thread 0x00007f5208004000 Exception <a 'java/lang/NoSuchMethodError': <clinit>> (0x00000000e09fb690) thrown at [/usr/local/google/buildbot/src/googleplex-android/openjdk/out/hotspot/src/share/vm/prims/jni.cpp, line 1614]
Event: 0,952 Thread 0x00007f5208004000 Exception <a 'java/lang/NoSuchMethodError': <clinit>> (0x00000000e0a56df8) thrown at [/usr/local/google/buildbot/src/googleplex-android/openjdk/out/hotspot/src/share/vm/prims/jni.cpp, line 1614]
Event: 0,957 Thread 0x00007f5208004000 Exception <a 'java/lang/NoSuchMethodError': <clinit>> (0x00000000e0a8e930) thrown at [/usr/local/google/buildbot/src/googleplex-android/openjdk/out/hotspot/src/share/vm/prims/jni.cpp, line 1614]
Event: 0,961 Thread 0x00007f5208004000 Exception <a 'java/lang/NoSuchMethodError': <clinit>> (0x00000000e0ac48c8) thrown at [/usr/local/google/buildbot/src/googleplex-android/openjdk/out/hotspot/src/share/vm/prims/jni.cpp, line 1614]
Event: 0,962 Thread 0x00007f5208004000 Exception <a 'java/lang/NoSuchMethodError': <clinit>> (0x00000000e0ad0340) thrown at [/usr/local/google/buildbot/src/googleplex-android/openjdk/out/hotspot/src/share/vm/prims/jni.cpp, line 1614]

Events (10 events):
Event: 1,996 loading class org/gradle/internal/operations/OperationIdentifier
Event: 1,996 loading class org/gradle/internal/operations/OperationIdentifier done
Event: 1,997 loading class org/gradle/internal/MutableReference
Event: 1,997 loading class org/gradle/internal/MutableReference done
Event: 1,997 loading class org/gradle/internal/operations/DefaultBuildOperationExecutor$DefaultBuildOperationContext
Event: 1,997 loading class org/gradle/internal/operations/DefaultBuildOperationExecutor$DefaultBuildOperationContext done
Event: 1,997 loading class org/gradle/internal/operations/DefaultBuildOperationExecutor$3
Event: 1,997 loading class org/gradle/internal/operations/DefaultBuildOperationExecutor$3 done
Event: 1,998 loading class org/gradle/internal/operations/OperationStartEvent
Event: 1,998 loading class org/gradle/internal/operations/OperationStartEvent done


Dynamic libraries:
00400000-00401000 r-xp 00000000 08:12 9309135                            /home/jakub/Downloads/android-studio-ide-191.5900203-linux/android-studio/jre/bin/java
00401000-00402000 rw-p 00000000 08:12 9309135                            /home/jakub/Downloads/android-studio-ide-191.5900203-linux/android-studio/jre/bin/java
009b8000-009d9000 rw-p 00000000 00:00 0                                  [heap]
a0000000-a5300000 rw-p 00000000 00:00 0 
a5300000-e0000000 ---p 00000000 00:00 0 
e0000000-e8600000 rw-p 00000000 00:00 0 
e8600000-100000000 ---p 00000000 00:00 0 
100000000-1002c0000 rw-p 00000000 00:00 0 
1002c0000-140000000 ---p 00000000 00:00 0 
7f51e0000000-7f51e0021000 rw-p 00000000 00:00 0 
7f51e0021000-7f51e4000000 ---p 00000000 00:00 0 
7f51e8000000-7f51e8021000 rw-p 00000000 00:00 0 
7f51e8021000-7f51ec000000 ---p 00000000 00:00 0 
7f51ec000000-7f51ec021000 rw-p 00000000 00:00 0 
7f51ec021000-7f51f0000000 ---p 00000000 00:00 0 
7f51f0000000-7f51f0028000 rw-p 00000000 00:00 0 
7f51f0028000-7f51f4000000 ---p 00000000 00:00 0 
7f51f4000000-7f51f4021000 rw-p 00000000 00:00 0 
7f51f4021000-7f51f8000000 ---p 00000000 00:00 0 
7f51f8000000-7f51f8021000 rw-p 00000000 00:00 0 
7f51f8021000-7f51fc000000 ---p 00000000 00:00 0 
7f51fc000000-7f51fc021000 rw-p 00000000 00:00 0 
7f51fc021000-7f5200000000 ---p 00000000 00:00 0 
7f5200000000-7f5200021000 rw-p 00000000 00:00 0 
7f5200021000-7f5204000000 ---p 00000000 00:00 0 
7f5204000000-7f5204a45000 rw-p 00000000 00:00 0 
7f5204a45000-7f5208000000 ---p 00000000 00:00 0 
7f5208000000-7f5208021000 rw-p 00000000 00:00 0 
7f5208021000-7f520c000000 ---p 00000000 00:00 0 
7f520c000000-7f520c021000 rw-p 00000000 00:00 0 
7f520c021000-7f5210000000 ---p 00000000 00:00 0 
7f5210000000-7f5210068000 rw-p 00000000 00:00 0 
7f5210068000-7f5214000000 ---p 00000000 00:00 0 
7f5214000000-7f5214021000 rw-p 00000000 00:00 0 
7f5214021000-7f5218000000 ---p 00000000 00:00 0 
7f5218000000-7f5218021000 rw-p 00000000 00:00 0 
7f5218021000-7f521c000000 ---p 00000000 00:00 0 
7f521c000000-7f521c021000 rw-p 00000000 00:00 0 
7f521c021000-7f5220000000 ---p 00000000 00:00 0 
7f5220000000-7f52206b2000 rw-p 00000000 00:00 0 
7f52206b2000-7f5224000000 ---p 00000000 00:00 0 
7f5224000000-7f5224021000 rw-p 00000000 00:00 0 
7f5224021000-7f5228000000 ---p 00000000 00:00 0 
7f5228000000-7f522870e000 rw-p 00000000 00:00 0 
7f522870e000-7f522c000000 ---p 00000000 00:00 0 
7f522c000000-7f522ce8f000 rw-p 00000000 00:00 0 
7f522ce8f000-7f5230000000 ---p 00000000 00:00 0 
7f5230000000-7f5230021000 rw-p 00000000 00:00 0 
7f5230021000-7f5234000000 ---p 00000000 00:00 0 
7f5234000000-7f523578f000 rw-p 00000000 00:00 0 
7f523578f000-7f5238000000 ---p 00000000 00:00 0 
7f5238000000-7f5238021000 rw-p 00000000 00:00 0 
7f5238021000-7f523c000000 ---p 00000000 00:00 0 
7f523c000000-7f523c021000 rw-p 00000000 00:00 0 
7f523c021000-7f5240000000 ---p 00000000 00:00 0 
7f5240000000-7f5240021000 rw-p 00000000 00:00 0 
7f5240021000-7f5244000000 ---p 00000000 00:00 0 
7f5244000000-7f5244021000 rw-p 00000000 00:00 0 
7f5244021000-7f5248000000 ---p 00000000 00:00 0 
7f5248000000-7f5248021000 rw-p 00000000 00:00 0 
7f5248021000-7f524c000000 ---p 00000000 00:00 0 
7f524f052000-7f524f252000 rw-p 00000000 00:00 0 
7f524f252000-7f524f2cc000 r--s 01102000 08:12 9309129                    /home/jakub/Downloads/android-studio-ide-191.5900203-linux/android-studio/jre/lib/tools.jar
7f524f4fb000-7f524f5fb000 rw-p 00000000 00:00 0 
7f524f5fb000-7f524f6fb000 ---p 00000000 00:00 0 
7f524f6fb000-7f524f6fe000 ---p 00000000 00:00 0 
7f524f6fe000-7f524f9fc000 rw-p 00000000 00:00 0 
7f524f9fc000-7f524f9ff000 ---p 00000000 00:00 0 
7f524f9ff000-7f524fafd000 rw-p 00000000 00:00 0 
7f524fafd000-7f524fb00000 ---p 00000000 00:00 0 
7f524fb00000-7f524fbfe000 rw-p 00000000 00:00 0 
7f524fbfe000-7f524fc01000 ---p 00000000 00:00 0 
7f524fc01000-7f524feff000 rw-p 00000000 00:00 0 
7f524feff000-7f524ff02000 ---p 00000000 00:00 0 
7f524ff02000-7f5250000000 rw-p 00000000 00:00 0 
7f5250000000-7f5250021000 rw-p 00000000 00:00 0 
7f5250021000-7f5254000000 ---p 00000000 00:00 0 
7f5254000000-7f5254021000 rw-p 00000000 00:00 0 
7f5254021000-7f5258000000 ---p 00000000 00:00 0 
7f5258000000-7f5258021000 rw-p 00000000 00:00 0 
7f5258021000-7f525c000000 ---p 00000000 00:00 0 
7f525c000000-7f525c021000 rw-p 00000000 00:00 0 
7f525c021000-7f5260000000 ---p 00000000 00:00 0 
7f5260002000-7f5260005000 ---p 00000000 00:00 0 
7f5260005000-7f5260103000 rw-p 00000000 00:00 0 
7f5260103000-7f5260106000 ---p 00000000 00:00 0 
7f5260106000-7f5260204000 rw-p 00000000 00:00 0 
7f5260204000-7f5260207000 ---p 00000000 00:00 0 
7f5260207000-7f5260305000 rw-p 00000000 00:00 0 
7f5260305000-7f5260308000 ---p 00000000 00:00 0 
7f5260308000-7f5260406000 rw-p 00000000 00:00 0 
7f5260406000-7f5260409000 ---p 00000000 00:00 0 
7f5260409000-7f5260507000 rw-p 00000000 00:00 0 
7f5260507000-7f526050a000 ---p 00000000 00:00 0 
7f526050a000-7f5260608000 rw-p 00000000 00:00 0 
7f5260608000-7f526060b000 ---p 00000000 00:00 0 
7f526060b000-7f5260709000 rw-p 00000000 00:00 0 
7f5260709000-7f5260710000 r--s 00000000 08:12 15074700                   /usr/lib/x86_64-linux-gnu/gconv/gconv-modules.cache
7f5260710000-7f5260713000 ---p 00000000 00:00 0 
7f5260713000-7f5260811000 rw-p 00000000 00:00 0 
7f5260811000-7f5260815000 r--s 000a1000 08:12 9309280                    /home/jakub/Downloads/android-studio-ide-191.5900203-linux/android-studio/jre/jre/lib/jsse.jar
7f5260815000-7f5260a15000 rw-p 00000000 00:00 0 
7f5260a15000-7f5260a18000 ---p 00000000 00:00 0 
7f5260a18000-7f5260b16000 rw-p 00000000 00:00 0 
7f5260b16000-7f5260b1e000 r-xp 00000000 08:12 9309225                    /home/jakub/Downloads/android-studio-ide-191.5900203-linux/android-studio/jre/jre/lib/amd64/libmanagement.so
7f5260b1e000-7f5260b1f000 rw-p 00007000 08:12 9309225                    /home/jakub/Downloads/android-studio-ide-191.5900203-linux/android-studio/jre/jre/lib/amd64/libmanagement.so
7f5260b1f000-7f5260b21000 r--s 0000f000 08:12 9310584                    /home/jakub/.gradle/wrapper/dists/gradle-5.4.1-all/3221gyojl5jsh0helicew7rwx/gradle-5.4.1/lib/plugins/gradle-tooling-api-builders-5.4.1.jar
7f5260b21000-7f5260b22000 r--s 00005000 08:12 9310605                    /home/jakub/.gradle/wrapper/dists/gradle-5.4.1-all/3221gyojl5jsh0helicew7rwx/gradle-5.4.1/lib/plugins/gradle-build-profile-5.4.1.jar
7f5260b22000-7f5260b24000 r--s 00003000 08:12 9310564                    /home/jakub/.gradle/wrapper/dists/gradle-5.4.1-all/3221gyojl5jsh0helicew7rwx/gradle-5.4.1/lib/plugins/gradle-tooling-native-5.4.1.jar
7f5260b24000-7f5260b28000 r--s 00017000 08:12 9310566                    /home/jakub/.gradle/wrapper/dists/gradle-5.4.1-all/3221gyojl5jsh0helicew7rwx/gradle-5.4.1/lib/plugins/gradle-testing-native-5.4.1.jar
7f5260b28000-7f5260b2a000 r--s 0000f000 08:12 9310662                    /home/jakub/.gradle/wrapper/dists/gradle-5.4.1-all/3221gyojl5jsh0helicew7rwx/gradle-5.4.1/lib/plugins/jcommander-1.72.jar
7f5260b2a000-7f5260b33000 r--s 00089000 08:12 9310638                    /home/jakub/.gradle/wrapper/dists/gradle-5.4.1-all/3221gyojl5jsh0helicew7rwx/gradle-5.4.1/lib/plugins/testng-6.3.1.jar
7f5260b33000-7f5260b38000 r--s 0005a000 08:12 9310642                    /home/jakub/.gradle/wrapper/dists/gradle-5.4.1-all/3221gyojl5jsh0helicew7rwx/gradle-5.4.1/lib/plugins/bsh-2.0b6.jar
7f5260b38000-7f5260b3c000 r--s 0001c000 08:12 9310585                    /home/jakub/.gradle/wrapper/dists/gradle-5.4.1-all/3221gyojl5jsh0helicew7rwx/gradle-5.4.1/lib/plugins/gradle-testing-jvm-5.4.1.jar
7f5260b3c000-7f5260b3f000 r--s 00011000 08:12 9310680                    /home/jakub/.gradle/wrapper/dists/gradle-5.4.1-all/3221gyojl5jsh0helicew7rwx/gradle-5.4.1/lib/plugins/junit-platform-commons-1.3.1.jar
7f5260b3f000-7f5260b40000 r--s 00001000 08:12 9310682                    /home/jakub/.gradle/wrapper/dists/gradle-5.4.1-all/3221gyojl5jsh0helicew7rwx/gradle-5.4.1/lib/plugins/opentest4j-1.1.1.jar
7f5260b40000-7f5260b44000 r--s 0001d000 08:12 9310679                    /home/jakub/.gradle/wrapper/dists/gradle-5.4.1-all/3221gyojl5jsh0helicew7rwx/gradle-5.4.1/lib/plugins/junit-platform-engine-1.3.1.jar
7f5260b44000-7f5260b45000 r--s 00000000 08:12 9310681                    /home/jakub/.gradle/wrapper/dists/gradle-5.4.1-all/3221gyojl5jsh0helicew7rwx/gradle-5.4.1/lib/plugins/apiguardian-api-1.0.0.jar
7f5260b45000-7f5260b48000 r--s 00015000 08:12 9310643                    /home/jakub/.gradle/wrapper/dists/gradle-5.4.1-all/3221gyojl5jsh0helicew7rwx/gradle-5.4.1/lib/plugins/junit-platform-launcher-1.3.1.jar
7f5260b48000-7f5260b4a000 r--s 00009000 08:12 9310660                    /home/jakub/.gradle/wrapper/dists/gradle-5.4.1-all/3221gyojl5jsh0helicew7rwx/gradle-5.4.1/lib/plugins/hamcrest-core-1.3.jar
7f5260b4a000-7f5260b52000 r--s 00045000 08:12 9310641                    /home/jakub/.gradle/wrapper/dists/gradle-5.4.1-all/3221gyojl5jsh0helicew7rwx/gradle-5.4.1/lib/plugins/junit-4.12.jar
7f5260b52000-7f5260b53000 r--s 00003000 08:12 9310583                    /home/jakub/.gradle/wrapper/dists/gradle-5.4.1-all/3221gyojl5jsh0helicew7rwx/gradle-5.4.1/lib/plugins/gradle-testing-junit-platform-5.4.1.jar
7f5260b53000-7f5260b5b000 r--s 00034000 08:12 9310593                    /home/jakub/.gradle/wrapper/dists/gradle-5.4.1-all/3221gyojl5jsh0helicew7rwx/gradle-5.4.1/lib/plugins/gradle-testing-base-5.4.1.jar
7f5260b5b000-7f5260b63000 r--s 00048000 08:12 9310632                    /home/jakub/.gradle/wrapper/dists/gradle-5.4.1-all/3221gyojl5jsh0helicew7rwx/gradle-5.4.1/lib/plugins/bcpg-jdk15on-1.61.jar
7f5260b63000-7f5260b65000 r--s 0000f000 08:12 9310563                    /home/jakub/.gradle/wrapper/dists/gradle-5.4.1-all/3221gyojl5jsh0helicew7rwx/gradle-5.4.1/lib/plugins/gradle-signing-5.4.1.jar
7f5260b65000-7f5260b67000 r--s 00009000 08:12 9310572                    /home/jakub/.gradle/wrapper/dists/gradle-5.4.1-all/3221gyojl5jsh0helicew7rwx/gradle-5.4.1/lib/plugins/gradle-scala-5.4.1.jar
7f5260b67000-7f5260b68000 r--s 00004000 08:12 9310604                    /home/jakub/.gradle/wrapper/dists/gradle-5.4.1-all/3221gyojl5jsh0helicew7rwx/gradle-5.4.1/lib/plugins/gradle-resources-sftp-5.4.1.jar
7f5260b68000-7f5260b71000 r--s 0005b000 08:12 9310610                    /home/jakub/.gradle/wrapper/dists/gradle-5.4.1-all/3221gyojl5jsh0helicew7rwx/gradle-5.4.1/lib/plugins/aws-java-sdk-kms-1.11.407.jar
7f5260b71000-7f5260b73000 r--s 00005000 08:12 9310649                    /home/jakub/.gradle/wrapper/dists/gradle-5.4.1-all/3221gyojl5jsh0helicew7rwx/gradle-5.4.1/lib/plugins/jmespath-java-1.11.407.jar
7f5260b73000-7f5260b86000 r--s 000ca000 08:12 9310609                    /home/jakub/.gradle/wrapper/dists/gradle-5.4.1-all/3221gyojl5jsh0helicew7rwx/gradle-5.4.1/lib/plugins/aws-java-sdk-s3-1.11.407.jar
7f5260b86000-7f5260b90000 r--s 00081000 08:12 9310678                    /home/jakub/.gradle/wrapper/dists/gradle-5.4.1-all/3221gyojl5jsh0helicew7rwx/gradle-5.4.1/lib/plugins/ion-java-1.0.2.jar
7f5260b90000-7f5260ba6000 r--s 000ca000 08:12 9310611                    /home/jakub/.gradle/wrapper/dists/gradle-5.4.1-all/3221gyojl5jsh0helicew7rwx/gradle-5.4.1/lib/plugins/aws-java-sdk-core-1.11.407.jar
7f5260ba6000-7f5260ba8000 r--s 00004000 08:12 9310600                    /home/jakub/.gradle/wrapper/dists/gradle-5.4.1-all/3221gyojl5jsh0helicew7rwx/gradle-5.4.1/lib/plugins/gradle-resources-s3-5.4.1.jar
7f5260ba8000-7f5260bb9000 r--s 0008c000 08:12 9310653                    /home/jakub/.gradle/wrapper/dists/gradle-5.4.1-all/3221gyojl5jsh0helicew7rwx/gradle-5.4.1/lib/plugins/joda-time-2.10.jar
7f5260bb9000-7f5260bcb000 r--s 00137000 08:12 9310650                    /home/jakub/.gradle/wrapper/dists/gradle-5.4.1-all/3221gyojl5jsh0helicew7rwx/gradle-5.4.1/lib/plugins/jackson-databind-2.9.8.jar
7f5260bcb000-7f5260bce000 r--s 0000e000 08:12 9310652                    /home/jakub/.gradle/wrapper/dists/gradle-5.4.1-all/3221gyojl5jsh0helicew7rwx/gradle-5.4.1/lib/plugins/jackson-annotations-2.9.8.jar
7f5260bce000-7f5260bd2000 r--s 0004c000 08:12 9310651                    /home/jakub/.gradle/wrapper/dists/gradle-5.4.1-all/3221gyojl5jsh0helicew7rwx/gradle-5.4.1/lib/plugins/jackson-core-2.9.8.jar
7f5260bd2000-7f5260bd3000 r--s 00001000 08:12 9310618                    /home/jakub/.gradle/wrapper/dists/gradle-5.4.1-all/3221gyojl5jsh0helicew7rwx/gradle-5.4.1/lib/plugins/google-http-client-jackson2-1.25.0.jar
7f5260bd3000-7f5260bdd000 r--s 00056000 08:12 9310619                    /home/jakub/.gradle/wrapper/dists/gradle-5.4.1-all/3221gyojl5jsh0helicew7rwx/gradle-5.4.1/lib/plugins/google-http-client-1.25.0.jar
7f5260bdd000-7f5260be0000 r--s 0000d000 08:12 9310617                    /home/jakub/.gradle/wrapper/dists/gradle-5.4.1-all/3221gyojl5jsh0helicew7rwx/gradle-5.4.1/lib/plugins/google-oauth-client-1.25.0.jar
7f5260be0000-7f5260be5000 r--s 0002d000 08:12 9310616                    /home/jakub/.gradle/wrapper/dists/gradle-5.4.1-all/3221gyojl5jsh0helicew7rwx/gradle-5.4.1/lib/plugins/google-api-client-1.25.0.jar
7f5260be5000-7f5260be9000 r--s 0001d000 08:12 9310615                    /home/jakub/.gradle/wrapper/dists/gradle-5.4.1-all/3221gyojl5jsh0helicew7rwx/gradle-5.4.1/lib/plugins/google-api-services-storage-v1-rev136-1.25.0.jar
7f5260be9000-7f5260beb000 r--s 00003000 08:12 9310601                    /home/jakub/.gradle/wrapper/dists/gradle-5.4.1-all/3221gyojl5jsh0helicew7rwx/gradle-5.4.1/lib/plugins/gradle-resources-gcs-5.4.1.jar
7f5260beb000-7f5260bed000 r--s 00010000 08:12 9310599                    /home/jakub/.gradle/wrapper/dists/gradle-5.4.1-all/3221gyojl5jsh0helicew7rwx/gradle-5.4.1/lib/plugins/gradle-reporting-5.4.1.jar
7f5260bed000-7f5260bef000 r--s 00008000 08:12 9310592                    /home/jakub/.gradle/wrapper/dists/gradle-5.4.1-all/3221gyojl5jsh0helicew7rwx/gradle-5.4.1/lib/plugins/gradle-publish-5.4.1.jar
7f5260bef000-7f5260bf7000 r--s 00046000 08:12 9310580                    /home/jakub/.gradle/wrapper/dists/gradle-5.4.1-all/3221gyojl5jsh0helicew7rwx/gradle-5.4.1/lib/plugins/gradle-plugins-5.4.1.jar
7f5260bf7000-7f5260bf9000 r--s 0000c000 08:12 9310568                    /home/jakub/.gradle/wrapper/dists/gradle-5.4.1-all/3221gyojl5jsh0helicew7rwx/gradle-5.4.1/lib/plugins/gradle-plugin-development-5.4.1.jar
7f5260bf9000-7f5260bff000 r--s 00030000 08:12 9310575                    /home/jakub/.gradle/wrapper/dists/gradle-5.4.1-all/3221gyojl5jsh0helicew7rwx/gradle-5.4.1/lib/plugins/gradle-platform-play-5.4.1.jar
7f5260bff000-7f5260c05000 r--s 0003d000 08:12 9310639                    /home/jakub/.gradle/wrapper/dists/gradle-5.4.1-all/3221gyojl5jsh0helicew7rwx/gradle-5.4.1/lib/plugins/snakeyaml-1.17.jar
7f5260c05000-7f5260c17000 r--s 00078000 08:12 9310590                    /home/jakub/.gradle/wrapper/dists/gradle-5.4.1-all/3221gyojl5jsh0helicew7rwx/gradle-5.4.1/lib/plugins/gradle-platform-native-5.4.1.jar
7f5260c17000-7f5260c1b000 r--s 0001b000 08:12 9310589                    /home/jakub/.gradle/wrapper/dists/gradle-5.4.1-all/3221gyojl5jsh0helicew7rwx/gradle-5.4.1/lib/plugins/gradle-platform-jvm-5.4.1.jar
7f5260c1b000-7f5260c22000 r--s 0002a000 08:12 9310594                    /home/jakub/.gradle/wrapper/dists/gradle-5.4.1-all/3221gyojl5jsh0helicew7rwx/gradle-5.4.1/lib/plugins/gradle-platform-base-5.4.1.jar
7f5260c22000-7f5260c4f000 r--s 0025e000 08:12 9310623                    /home/jakub/.gradle/wrapper/dists/gradle-5.4.1-all/3221gyojl5jsh0helicew7rwx/gradle-5.4.1/lib/plugins/biz.aQute.bndlib-4.0.0.jar
7f5260c4f000-7f5260c50000 r--s 00004000 08:12 9310562                    /home/jakub/.gradle/wrapper/dists/gradle-5.4.1-all/3221gyojl5jsh0helicew7rwx/gradle-5.4.1/lib/plugins/gradle-osgi-5.4.1.jar
7f5260c50000-7f5260c53000 r--s 0000c000 08:12 9310628                    /home/jakub/.gradle/wrapper/dists/gradle-5.4.1-all/3221gyojl5jsh0helicew7rwx/gradle-5.4.1/lib/plugins/pmaven-groovy-0.8-20100325.jar
7f5260c53000-7f5260c54000 r--s 00004000 08:12 9310627                    /home/jakub/.gradle/wrapper/dists/gradle-5.4.1-all/3221gyojl5jsh0helicew7rwx/gradle-5.4.1/lib/plugins/pmaven-common-0.8-20100325.jar
7f5260c54000-7f5260c55000 r--s 00008000 08:12 9310614                    /home/jakub/.gradle/wrapper/dists/gradle-5.4.1-all/3221gyojl5jsh0helicew7rwx/gradle-5.4.1/lib/plugins/wagon-http-shared-3.0.0.jar
7f5260c55000-7f5260c56000 r--s 00002000 08:12 9310613                    /home/jakub/.gradle/wrapper/dists/gradle-5.4.1-all/3221gyojl5jsh0helicew7rwx/gradle-5.4.1/lib/plugins/wagon-http-3.0.0.jar
7f5260c56000-7f5260c57000 r--s 00002000 08:12 9310629                    /home/jakub/.gradle/wrapper/dists/gradle-5.4.1-all/3221gyojl5jsh0helicew7rwx/gradle-5.4.1/lib/plugins/wagon-file-3.0.0.jar
7f5260c57000-7f5260c59000 r--s 00006000 08:12 9310631                    /home/jakub/.gradle/wrapper/dists/gradle-5.4.1-all/3221gyojl5jsh0helicew7rwx/gradle-5.4.1/lib/plugins/aether-connector-wagon-1.13.1.jar
7f5260c59000-7f5260c60000 r--s 00031000 08:12 9310569                    /home/jakub/.gradle/wrapper/dists/gradle-5.4.1-all/3221gyojl5jsh0helicew7rwx/gradle-5.4.1/lib/plugins/gradle-maven-5.4.1.jar
7f5260c60000-7f5260c62000 r--s 0000c000 08:12 9310582                    /home/jakub/.gradle/wrapper/dists/gradle-5.4.1-all/3221gyojl5jsh0helicew7rwx/gradle-5.4.1/lib/plugins/gradle-language-scala-5.4.1.jar
7f5260c62000-7f5260c6d000 r--s 00054000 08:12 9310567                    /home/jakub/.gradle/wrapper/dists/gradle-5.4.1-all/3221gyojl5jsh0helicew7rwx/gradle-5.4.1/lib/plugins/gradle-language-native-5.4.1.jar
7f5260c6d000-7f5260c6f000 r--s 00005000 08:12 9310588                    /home/jakub/.gradle/wrapper/dists/gradle-5.4.1-all/3221gyojl5jsh0helicew7rwx/gradle-5.4.1/lib/plugins/gradle-language-jvm-5.4.1.jar
7f5260c6f000-7f5260c78000 r--s 00042000 08:12 9310586                    /home/jakub/.gradle/wrapper/dists/gradle-5.4.1-all/3221gyojl5jsh0helicew7rwx/gradle-5.4.1/lib/plugins/gradle-language-java-5.4.1.jar
7f5260c78000-7f5260c7a000 r--s 0000b000 08:12 9310581                    /home/jakub/.gradle/wrapper/dists/gradle-5.4.1-all/3221gyojl5jsh0helicew7rwx/gradle-5.4.1/lib/plugins/gradle-language-groovy-5.4.1.jar
7f5260c7a000-7f5260c81000 r--s 00035000 08:12 9310635                    /home/jakub/.gradle/wrapper/dists/gradle-5.4.1-all/3221gyojl5jsh0helicew7rwx/gradle-5.4.1/lib/plugins/simple-4.1.21.jar
7f5260c81000-7f5260c8e000 r--s 00125000 08:12 9310633                    /home/jakub/.gradle/wrapper/dists/gradle-5.4.1-all/3221gyojl5jsh0helicew7rwx/gradle-5.4.1/lib/plugins/rhino-1.7.10.jar
7f5260c8e000-7f5260c92000 r--s 00012000 08:12 9310576                    /home/jakub/.gradle/wrapper/dists/gradle-5.4.1-all/3221gyojl5jsh0helicew7rwx/gradle-5.4.1/lib/plugins/gradle-javascript-5.4.1.jar
7f5260c92000-7f5260c96000 r--s 00011000 08:12 9310578                    /home/jakub/.gradle/wrapper/dists/gradle-5.4.1-all/3221gyojl5jsh0helicew7rwx/gradle-5.4.1/lib/plugins/gradle-jacoco-5.4.1.jar
7f5260c96000-7f5260c9a000 r--s 00015000 08:12 9310577                    /home/jakub/.gradle/wrapper/dists/gradle-5.4.1-all/3221gyojl5jsh0helicew7rwx/gradle-5.4.1/lib/plugins/gradle-ivy-5.4.1.jar
7f5260c9a000-7f5260c9c000 r--s 00002000 08:12 9310570                    /home/jakub/.gradle/wrapper/dists/gradle-5.4.1-all/3221gyojl5jsh0helicew7rwx/gradle-5.4.1/lib/plugins/gradle-ide-play-5.4.1.jar
7f5260c9c000-7f5260c9e000 r--s 00011000 08:12 9310640                    /home/jakub/.gradle/wrapper/dists/gradle-5.4.1-all/3221gyojl5jsh0helicew7rwx/gradle-5.4.1/lib/plugins/dd-plist-1.21.jar
7f5260c9e000-7f5260ca5000 r--s 00034000 08:12 9310565                    /home/jakub/.gradle/wrapper/dists/gradle-5.4.1-all/3221gyojl5jsh0helicew7rwx/gradle-5.4.1/lib/plugins/gradle-ide-native-5.4.1.jar
7f5260ca5000-7f5260caf000 r--s 0005f000 08:12 9310571                    /home/jakub/.gradle/wrapper/dists/gradle-5.4.1-all/3221gyojl5jsh0helicew7rwx/gradle-5.4.1/lib/plugins/gradle-ide-5.4.1.jar
7f5260caf000-7f5260cb1000 r--s 00008000 08:12 9310574                    /home/jakub/.gradle/wrapper/dists/gradle-5.4.1-all/3221gyojl5jsh0helicew7rwx/gradle-5.4.1/lib/plugins/gradle-ear-5.4.1.jar
7f5260cb1000-7f5260cb3000 r--s 00006000 08:12 9310636                    /home/jakub/.gradle/wrapper/dists/gradle-5.4.1-all/3221gyojl5jsh0helicew7rwx/gradle-5.4.1/lib/plugins/jatl-0.2.3.jar
7f5260cb3000-7f5260cb9000 r--s 0003e000 08:12 9310591                    /home/jakub/.gradle/wrapper/dists/gradle-5.4.1-all/3221gyojl5jsh0helicew7rwx/gradle-5.4.1/lib/plugins/gradle-diagnostics-5.4.1.jar
7f5260cb9000-7f5260cbe000 r--s 00028000 08:12 9310561                    /home/jakub/.gradle/wrapper/dists/gradle-5.4.1-all/3221gyojl5jsh0helicew7rwx/gradle-5.4.1/lib/plugins/gradle-code-quality-5.4.1.jar
7f5260cbe000-7f5260cc0000 r--s 0000b000 08:12 9310637                    /home/jakub/.gradle/wrapper/dists/gradle-5.4.1-all/3221gyojl5jsh0helicew7rwx/gradle-5.4.1/lib/plugins/maven-plugin-api-3.0.4.jar
7f5260cc0000-7f5260cc2000 r--s 0000c000 08:12 9310675                    /home/jakub/.gradle/wrapper/dists/gradle-5.4.1-all/3221gyojl5jsh0helicew7rwx/gradle-5.4.1/lib/plugins/wagon-provider-api-3.0.0.jar
7f5260cc2000-7f5260cc8000 r--s 0003f000 08:12 9310625                    /home/jakub/.gradle/wrapper/dists/gradle-5.4.1-all/3221gyojl5jsh0helicew7rwx/gradle-5.4.1/lib/plugins/maven-compat-3.0.4.jar
7f5260cc8000-7f5260ccb000 r--s 0000a000 08:12 9310672                    /home/jakub/.gradle/wrapper/dists/gradle-5.4.1-all/3221gyojl5jsh0helicew7rwx/gradle-5.4.1/lib/plugins/plexus-classworlds-2.5.1.jar
7f5260ccb000-7f5260ccf000 r--s 00021000 08:12 9310677                    /home/jakub/.gradle/wrapper/dists/gradle-5.4.1-all/3221gyojl5jsh0helicew7rwx/gradle-5.4.1/lib/plugins/xbean-reflect-3.7.jar
7f5260ccf000-7f5260cd6000 r--s 00032000 08:12 9310630                    /home/jakub/.gradle/wrapper/dists/gradle-5.4.1-all/3221gyojl5jsh0helicew7rwx/gradle-5.4.1/lib/plugins/plexus-container-default-1.7.1.jar
7f5260cd6000-7f5260cdc000 r--s 00031000 08:12 9310579                    /home/jakub/.gradle/wrapper/dists/gradle-5.4.1-all/3221gyojl5jsh0helicew7rwx/gradle-5.4.1/lib/plugins/gradle-build-init-5.4.1.jar
7f5260cdc000-7f5260ce2000 r--s 0002e000 08:12 9310573                    /home/jakub/.gradle/wrapper/dists/gradle-5.4.1-all/3221gyojl5jsh0helicew7rwx/gradle-5.4.1/lib/plugins/gradle-build-comparison-5.4.1.jar
7f5260ce2000-7f5260ce4000 r--s 00002000 08:12 9310602                    /home/jakub/.gradle/wrapper/dists/gradle-5.4.1-all/3221gyojl5jsh0helicew7rwx/gradle-5.4.1/lib/plugins/gradle-build-cache-http-5.4.1.jar
7f5260ce4000-7f5260ce6000 r--s 00009000 08:12 9310560                    /home/jakub/.gradle/wrapper/dists/gradle-5.4.1-all/3221gyojl5jsh0helicew7rwx/gradle-5.4.1/lib/plugins/gradle-antlr-5.4.1.jar
7f5260ce6000-7f5260ce7000 r--s 00005000 08:12 9310559                    /home/jakub/.gradle/wrapper/dists/gradle-5.4.1-all/3221gyojl5jsh0helicew7rwx/gradle-5.4.1/lib/plugins/gradle-announce-5.4.1.jar
7f5260ce7000-7f5260cea000 r--s 00017000 08:12 9310607                    /home/jakub/.gradle/wrapper/dists/gradle-5.4.1-all/3221gyojl5jsh0helicew7rwx/gradle-5.4.1/lib/plugins/gradle-kotlin-dsl-tooling-builders-5.4.1.jar
7f5260cea000-7f5260cf0000 r--s 00029000 08:12 9310606                    /home/jakub/.gradle/wrapper/dists/gradle-5.4.1-all/3221gyojl5jsh0helicew7rwx/gradle-5.4.1/lib/plugins/gradle-kotlin-dsl-provider-plugins-5.4.1.jar
7f5260cf0000-7f5260cf1000 r--s 00000000 08:12 9177335                    /home/jakub/.gradle/wrapper/dists/gradle-5.4.1-all/3221gyojl5jsh0helicew7rwx/gradle-5.4.1/lib/gradle-runtime-api-info-5.4.1.jar
7f5260cf1000-7f5260cf6000 r--s 00040000 08:12 9310647                    /home/jakub/.gradle/wrapper/dists/gradle-5.4.1-all/3221gyojl5jsh0helicew7rwx/gradle-5.4.1/lib/plugins/jsch-0.1.54.jar
7f5260cf6000-7f5260cf8000 r--s 00010000 08:12 9310663                    /home/jakub/.gradle/wrapper/dists/gradle-5.4.1-all/3221gyojl5jsh0helicew7rwx/gradle-5.4.1/lib/plugins/jzlib-1.1.3.jar
7f5260cf8000-7f5260d1d000 r--s 00265000 08:12 9310612                    /home/jakub/.gradle/wrapper/dists/gradle-5.4.1-all/3221gyojl5jsh0helicew7rwx/gradle-5.4.1/lib/plugins/org.eclipse.jgit-5.0.3.201809091024-r.jar
7f5260d1d000-7f5260d20000 r--s 0000c000 08:12 9310596                    /home/jakub/.gradle/wrapper/dists/gradle-5.4.1-all/3221gyojl5jsh0helicew7rwx/gradle-5.4.1/lib/plugins/gradle-version-control-5.4.1.jar
7f5260d20000-7f5260d39000 r--s 0013a000 08:12 9310646                    /home/jakub/.gradle/wrapper/dists/gradle-5.4.1-all/3221gyojl5jsh0helicew7rwx/gradle-5.4.1/lib/plugins/xercesImpl-2.12.0.jar
7f5260d39000-7f5260d3b000 r--s 0001d000 08:12 9310645                    /home/jakub/.gradle/wrapper/dists/gradle-5.4.1-all/3221gyojl5jsh0helicew7rwx/gradle-5.4.1/lib/plugins/nekohtml-1.9.22.jar
7f5260d3b000-7f5260d41000 r--s 0005b000 08:12 9310644                    /home/jakub/.gradle/wrapper/dists/gradle-5.4.1-all/3221gyojl5jsh0helicew7rwx/gradle-5.4.1/lib/plugins/jcifs-1.3.17.jar
7f5260d41000-7f5260d48000 r--s 0004b000 08:12 9310621                    /home/jakub/.gradle/wrapper/dists/gradle-5.4.1-all/3221gyojl5jsh0helicew7rwx/gradle-5.4.1/lib/plugins/commons-codec-1.11.jar
7f5260d48000-7f5260d4f000 r--s 00049000 08:12 9310661                    /home/jakub/.gradle/wrapper/dists/gradle-5.4.1-all/3221gyojl5jsh0helicew7rwx/gradle-5.4.1/lib/plugins/httpcore-4.4.10.jar
7f5260d4f000-7f5260d5c000 r--s 000af000 08:12 9310620                    /home/jakub/.gradle/wrapper/dists/gradle-5.4.1-all/3221gyojl5jsh0helicew7rwx/gradle-5.4.1/lib/plugins/httpclient-4.5.6.jar
7f5260d5c000-7f5260d5f000 r--s 0000e000 08:12 9310603                    /home/jakub/.gradle/wrapper/dists/gradle-5.4.1-all/3221gyojl5jsh0helicew7rwx/gradle-5.4.1/lib/plugins/gradle-resources-http-5.4.1.jar
7f5260d5f000-7f5260d62000 r--s 0000c000 08:12 9310595                    /home/jakub/.gradle/wrapper/dists/gradle-5.4.1-all/3221gyojl5jsh0helicew7rwx/gradle-5.4.1/lib/plugins/gradle-plugin-use-5.4.1.jar
7f5260d62000-7f5260d65000 r--s 0000d000 08:12 9310598                    /home/jakub/.gradle/wrapper/dists/gradle-5.4.1-all/3221gyojl5jsh0helicew7rwx/gradle-5.4.1/lib/plugins/gradle-composite-builds-5.4.1.jar
7f5260d65000-7f5260d66000 r--s 00000000 08:12 9177338                    /home/jakub/.gradle/wrapper/dists/gradle-5.4.1-all/3221gyojl5jsh0helicew7rwx/gradle-5.4.1/lib/gradle-installation-beacon-5.4.1.jar
7f5260d66000-7f5260d68000 r--s 00006000 08:12 9310667                    /home/jakub/.gradle/wrapper/dists/gradle-5.4.1-all/3221gyojl5jsh0helicew7rwx/gradle-5.4.1/lib/plugins/maven-repository-metadata-3.0.4.jar
7f5260d68000-7f5260d6a000 r--s 0000c000 08:12 9310655                    /home/jakub/.gradle/wrapper/dists/gradle-5.4.1-all/3221gyojl5jsh0helicew7rwx/gradle-5.4.1/lib/plugins/maven-aether-provider-3.0.4.jar
7f5260d6a000-7f5260d6b000 r--s 00003000 08:12 9310657                    /home/jakub/.gradle/wrapper/dists/gradle-5.4.1-all/3221gyojl5jsh0helicew7rwx/gradle-5.4.1/lib/plugins/aether-spi-1.13.1.jar
7f5260d6b000-7f5260d6e000 r--s 0001d000 08:12 9310656                    /home/jakub/.gradle/wrapper/dists/gradle-5.4.1-all/3221gyojl5jsh0helicew7rwx/gradle-5.4.1/lib/plugins/aether-impl-1.13.1.jar
7f5260d6e000-7f5260d72000 r--s 0001c000 08:12 9310658                    /home/jakub/.gradle/wrapper/dists/gradle-5.4.1-all/3221gyojl5jsh0helicew7rwx/gradle-5.4.1/lib/plugins/aether-util-1.13.1.jar
7f5260d72000-7f5260d75000 r--s 00013000 08:12 9310659                    /home/jakub/.gradle/wrapper/dists/gradle-5.4.1-all/3221gyojl5jsh0helicew7rwx/gradle-5.4.1/lib/plugins/aether-api-1.13.1.jar
7f5260d75000-7f5260d77000 r--s 0000b000 08:12 9310664                    /home/jakub/.gradle/wrapper/dists/gradle-5.4.1-all/3221gyojl5jsh0helicew7rwx/gradle-5.4.1/lib/plugins/maven-artifact-3.0.4.jar
7f5260d77000-7f5260d7b000 r--s 00021000 08:12 9310665                    /home/jakub/.gradle/wrapper/dists/gradle-5.4.1-all/3221gyojl5jsh0helicew7rwx/gradle-5.4.1/lib/plugins/maven-model-builder-3.0.4.jar
7f5260d7b000-7f5260d7d000 r--s 00026000 08:12 9310666                    /home/jakub/.gradle/wrapper/dists/gradle-5.4.1-all/3221gyojl5jsh0helicew7rwx/gradle-5.4.1/lib/plugins/maven-model-3.0.4.jar
7f5260d7d000-7f5260d7f000 r--s 0000a000 08:12 9310669                    /home/jakub/.gradle/wrapper/dists/gradle-5.4.1-all/3221gyojl5jsh0helicew7rwx/gradle-5.4.1/lib/plugins/maven-settings-3.0.4.jar
7f5260d7f000-7f5260d81000 r--s 00002000 08:12 9310671                    /home/jakub/.gradle/wrapper/dists/gradle-5.4.1-all/3221gyojl5jsh0helicew7rwx/gradle-5.4.1/lib/plugins/plexus-cipher-1.7.jar
7f5260d81000-7f5260d82000 r--s 00006000 08:12 9310670                    /home/jakub/.gradle/wrapper/dists/gradle-5.4.1-all/3221gyojl5jsh0helicew7rwx/gradle-5.4.1/lib/plugins/plexus-sec-dispatcher-1.3.jar
7f5260d82000-7f5260d8e000 r--s 0007d000 08:12 9310626                    /home/jakub/.gradle/wrapper/dists/gradle-5.4.1-all/3221gyojl5jsh0helicew7rwx/gradle-5.4.1/lib/plugins/maven-core-3.0.4.jar
7f5260d8e000-7f5260da3000 r--s 00116000 08:12 9310624                    /home/jakub/.gradle/wrapper/dists/gradle-5.4.1-all/3221gyojl5jsh0helicew7rwx/gradle-5.4.1/lib/plugins/ivy-2.3.0.jar
7f5260da3000-7f5260e02000 r--s 003f7000 08:12 9310654                    /home/jakub/.gradle/wrapper/dists/gradle-5.4.1-all/3221gyojl5jsh0helicew7rwx/gradle-5.4.1/lib/plugins/bcprov-jdk15on-1.61.jar
7f5260e02000-7f5260e35000 r--s 001c3000 08:12 9310597                    /home/jakub/.gradle/wrapper/dists/gradle-5.4.1-all/3221gyojl5jsh0helicew7rwx/gradle-5.4.1/lib/plugins/gradle-dependency-management-5.4.1.jar
7f5260e35000-7f5260e38000 r--p 00000000 08:12 14418561                   /usr/lib/x86_64-linux-gnu/libgcc_s.so.1
7f5260e38000-7f5260e49000 r-xp 00003000 08:12 14418561                   /usr/lib/x86_64-linux-gnu/libgcc_s.so.1
7f5260e49000-7f5260e4d000 r--p 00014000 08:12 14418561                   /usr/lib/x86_64-linux-gnu/libgcc_s.so.1
7f5260e4d000-7f5260e4e000 r--p 00017000 08:12 14418561                   /usr/lib/x86_64-linux-gnu/libgcc_s.so.1
7f5260e4e000-7f5260e4f000 rw-p 00018000 08:12 14418561                   /usr/lib/x86_64-linux-gnu/libgcc_s.so.1
7f5260e4f000-7f5260ee4000 r--p 00000000 08:12 14418661                   /usr/lib/x86_64-linux-gnu/libstdc++.so.6.0.26
7f5260ee4000-7f5260fd6000 r-xp 00095000 08:12 14418661                   /usr/lib/x86_64-linux-gnu/libstdc++.so.6.0.26
7f5260fd6000-7f526101f000 r--p 00187000 08:12 14418661                   /usr/lib/x86_64-linux-gnu/libstdc++.so.6.0.26
7f526101f000-7f5261020000 ---p 001d0000 08:12 14418661                   /usr/lib/x86_64-linux-gnu/libstdc++.so.6.0.26
7f5261020000-7f526102b000 r--p 001d0000 08:12 14418661                   /usr/lib/x86_64-linux-gnu/libstdc++.so.6.0.26
7f526102b000-7f526102e000 rw-p 001db000 08:12 14418661                   /usr/lib/x86_64-linux-gnu/libstdc++.so.6.0.26
7f526102e000-7f5261031000 rw-p 00000000 00:00 0 
7f5261031000-7f5261033000 r--s 00000000 08:12 9310673                    /home/jakub/.gradle/wrapper/dists/gradle-5.4.1-all/3221gyojl5jsh0helicew7rwx/gradle-5.4.1/lib/plugins/plexus-component-annotations-1.5.5.jar
7f5261033000-7f5261035000 r--s 0000d000 08:12 9310674                    /home/jakub/.gradle/wrapper/dists/gradle-5.4.1-all/3221gyojl5jsh0helicew7rwx/gradle-5.4.1/lib/plugins/plexus-interpolation-1.14.jar
7f5261035000-7f5261039000 r--s 0003c000 08:12 9310676                    /home/jakub/.gradle/wrapper/dists/gradle-5.4.1-all/3221gyojl5jsh0helicew7rwx/gradle-5.4.1/lib/plugins/plexus-utils-3.1.0.jar
7f5261039000-7f526103c000 r--s 00008000 08:12 9310668                    /home/jakub/.gradle/wrapper/dists/gradle-5.4.1-all/3221gyojl5jsh0helicew7rwx/gradle-5.4.1/lib/plugins/maven-settings-builder-3.0.4.jar
7f526103c000-7f5261041000 r--s 00036000 08:12 9310634                    /home/jakub/.gradle/wrapper/dists/gradle-5.4.1-all/3221gyojl5jsh0helicew7rwx/gradle-5.4.1/lib/plugins/gson-2.8.5.jar
7f5261041000-7f5261042000 r--s 00013000 08:12 9310622                    /home/jakub/.gradle/wrapper/dists/gradle-5.4.1-all/3221gyojl5jsh0helicew7rwx/gradle-5.4.1/lib/plugins/asm-util-7.0.jar
7f5261042000-7f5261045000 r--s 0000e000 08:12 9310608                    /home/jakub/.gradle/wrapper/dists/gradle-5.4.1-all/3221gyojl5jsh0helicew7rwx/gradle-5.4.1/lib/plugins/gradle-workers-5.4.1.jar
7f5261045000-7f526104b000 r-xp 00000000 08:12 8394812                    /home/jakub/.gradle/native/29/linux-amd64/libnative-platform.so
7f526104b000-7f526124a000 ---p 00006000 08:12 8394812                    /home/jakub/.gradle/native/29/linux-amd64/libnative-platform.so
7f526124a000-7f526124b000 rw-p 00005000 08:12 8394812                    /home/jakub/.gradle/native/29/linux-amd64/libnative-platform.so
7f526124b000-7f526125b000 r-xp 00000000 08:12 9309249                    /home/jakub/Downloads/android-studio-ide-191.5900203-linux/android-studio/jre/jre/lib/amd64/libnio.so
7f526125b000-7f526125c000 rw-p 00010000 08:12 9309249                    /home/jakub/Downloads/android-studio-ide-191.5900203-linux/android-studio/jre/jre/lib/amd64/libnio.so
7f526125c000-7f5262a5d000 rw-p 00000000 00:00 0 
7f5262a5d000-7f5262a73000 r-xp 00000000 08:12 9309228                    /home/jakub/Downloads/android-studio-ide-191.5900203-linux/android-studio/jre/jre/lib/amd64/libnet.so
7f5262a73000-7f5262a74000 rw-p 00016000 08:12 9309228                    /home/jakub/Downloads/android-studio-ide-191.5900203-linux/android-studio/jre/jre/lib/amd64/libnet.so
7f5262a74000-7f5262a76000 r--s 00006000 08:12 9177337                    /home/jakub/.gradle/wrapper/dists/gradle-5.4.1-all/3221gyojl5jsh0helicew7rwx/gradle-5.4.1/lib/gradle-wrapper-5.4.1.jar
7f5262a76000-7f5262a85000 r--s 0004c000 08:12 9177336                    /home/jakub/.gradle/wrapper/dists/gradle-5.4.1-all/3221gyojl5jsh0helicew7rwx/gradle-5.4.1/lib/gradle-tooling-api-5.4.1.jar
7f5262a85000-7f5262a90000 r--s 00081000 08:12 9177395                    /home/jakub/.gradle/wrapper/dists/gradle-5.4.1-all/3221gyojl5jsh0helicew7rwx/gradle-5.4.1/lib/trove4j-1.0.20181211.jar
7f5262a90000-7f5262a92000 r--s 00009000 08:12 9177394                    /home/jakub/.gradle/wrapper/dists/gradle-5.4.1-all/3221gyojl5jsh0helicew7rwx/gradle-5.4.1/lib/kotlin-script-runtime-1.3.21.jar
7f5262a92000-7f5262ac9000 r--s 00255000 08:12 9177388                    /home/jakub/.gradle/wrapper/dists/gradle-5.4.1-all/3221gyojl5jsh0helicew7rwx/gradle-5.4.1/lib/kotlin-reflect-1.3.21.jar
7f5262ac9000-7f5262ca8000 r--s 01b1b000 08:12 9177361                    /home/jakub/.gradle/wrapper/dists/gradle-5.4.1-all/3221gyojl5jsh0helicew7rwx/gradle-5.4.1/lib/kotlin-compiler-embeddable-1.3.21-patched-for-gradle-5.4.1.jar
7f5262ca8000-7f5262ca9000 r--s 00001000 08:12 9177372                    /home/jakub/.gradle/wrapper/dists/gradle-5.4.1-all/3221gyojl5jsh0helicew7rwx/gradle-5.4.1/lib/gradle-kotlin-dsl-tooling-models-5.4.1.jar
7f5262ca9000-7f5262cb7000 r--s 00236000 08:12 9177375                    /home/jakub/.gradle/wrapper/dists/gradle-5.4.1-all/3221gyojl5jsh0helicew7rwx/gradle-5.4.1/lib/kotlinx-metadata-jvm-0.0.5.jar
7f5262cb7000-7f5262cb8000 r--s 00002000 08:12 9177374                    /home/jakub/.gradle/wrapper/dists/gradle-5.4.1-all/3221gyojl5jsh0helicew7rwx/gradle-5.4.1/lib/kotlin-sam-with-receiver-compiler-plugin-1.3.21.jar
7f5262cb8000-7f5262cba000 r--s 00003000 08:12 9177391                    /home/jakub/.gradle/wrapper/dists/gradle-5.4.1-all/3221gyojl5jsh0helicew7rwx/gradle-5.4.1/lib/annotations-13.0.jar
7f5262cba000-7f5262cc1000 r--s 0001f000 08:12 9177411                    /home/jakub/.gradle/wrapper/dists/gradle-5.4.1-all/3221gyojl5jsh0helicew7rwx/gradle-5.4.1/lib/kotlin-stdlib-common-1.3.21.jar
7f5262cc1000-7f5262cd4000 r--s 0010f000 08:12 9177390                    /home/jakub/.gradle/wrapper/dists/gradle-5.4.1-all/3221gyojl5jsh0helicew7rwx/gradle-5.4.1/lib/kotlin-stdlib-1.3.21.jar
7f5262cd4000-7f5262cd6000 r--s 00002000 08:12 9177373                    /home/jakub/.gradle/wrapper/dists/gradle-5.4.1-all/3221gyojl5jsh0helicew7rwx/gradle-5.4.1/lib/kotlin-stdlib-jdk8-1.3.21.jar
7f5262cd6000-7f5262cf1000 r--s 0015d000 08:12 9177339                    /home/jakub/.gradle/wrapper/dists/gradle-5.4.1-all/3221gyojl5jsh0helicew7rwx/gradle-5.4.1/lib/gradle-kotlin-dsl-5.4.1.jar
7f5262cf1000-7f5262cf5000 r--s 00013000 08:12 9177344                    /home/jakub/.gradle/wrapper/dists/gradle-5.4.1-all/3221gyojl5jsh0helicew7rwx/gradle-5.4.1/lib/gradle-build-cache-5.4.1.jar
7f5262cf5000-7f5262cf7000 r--s 00006000 08:12 9177343                    /home/jakub/.gradle/wrapper/dists/gradle-5.4.1-all/3221gyojl5jsh0helicew7rwx/gradle-5.4.1/lib/gradle-build-cache-packaging-5.4.1.jar
7f5262cf7000-7f5262cfc000 r--s 0001f000 08:12 9177342                    /home/jakub/.gradle/wrapper/dists/gradle-5.4.1-all/3221gyojl5jsh0helicew7rwx/gradle-5.4.1/lib/gradle-execution-5.4.1.jar
7f5262cfc000-7f5262d00000 r--s 0001a000 08:12 9177346                    /home/jakub/.gradle/wrapper/dists/gradle-5.4.1-all/3221gyojl5jsh0helicew7rwx/gradle-5.4.1/lib/gradle-files-5.4.1.jar
7f5262d00000-7f5262d05000 r--s 00026000 08:12 9177345                    /home/jakub/.gradle/wrapper/dists/gradle-5.4.1-all/3221gyojl5jsh0helicew7rwx/gradle-5.4.1/lib/gradle-snapshots-5.4.1.jar
7f5262d05000-7f5262d0a000 r--s 00015000 08:12 9177353                    /home/jakub/.gradle/wrapper/dists/gradle-5.4.1-all/3221gyojl5jsh0helicew7rwx/gradle-5.4.1/lib/gradle-resources-5.4.1.jar
7f5262d0a000-7f5262d11000 r--s 00036000 08:12 9177350                    /home/jakub/.gradle/wrapper/dists/gradle-5.4.1-all/3221gyojl5jsh0helicew7rwx/gradle-5.4.1/lib/gradle-persistent-cache-5.4.1.jar
7f5262d11000-7f5262d26000 r--s 000c1000 08:12 9177348                    /home/jakub/.gradle/wrapper/dists/gradle-5.4.1-all/3221gyojl5jsh0helicew7rwx/gradle-5.4.1/lib/gradle-model-core-5.4.1.jar
7f5262d26000-7f5262dab000 r--s 007a7000 08:12 9177379                    /home/jakub/.gradle/wrapper/dists/gradle-5.4.1-all/3221gyojl5jsh0helicew7rwx/gradle-5.4.1/lib/groovy-all-1.0-2.5.4.jar
7f5262dab000-7f5262dac000 ---p 00000000 00:00 0 
7f5262dac000-7f5262eac000 rw-p 00000000 00:00 0 
7f5262eac000-7f5262eaf000 ---p 00000000 00:00 0 
7f5262eaf000-7f5262fad000 rw-p 00000000 00:00 0 
7f5262fad000-7f5264000000 r--p 00000000 08:12 14425066                   /usr/lib/locale/locale-archive
7f5264000000-7f5264021000 rw-p 00000000 00:00 0 
7f5264021000-7f5268000000 ---p 00000000 00:00 0 
7f5268000000-7f5268001000 r--s 00000000 08:12 9177389                    /home/jakub/.gradle/wrapper/dists/gradle-5.4.1-all/3221gyojl5jsh0helicew7rwx/gradle-5.4.1/lib/kotlin-stdlib-jdk7-1.3.21.jar
7f5268001000-7f5268002000 r--s 00003000 08:12 9177358                    /home/jakub/.gradle/wrapper/dists/gradle-5.4.1-all/3221gyojl5jsh0helicew7rwx/gradle-5.4.1/lib/gradle-build-option-5.4.1.jar
7f5268002000-7f5268004000 r--s 00005000 08:12 9177359                    /home/jakub/.gradle/wrapper/dists/gradle-5.4.1-all/3221gyojl5jsh0helicew7rwx/gradle-5.4.1/lib/gradle-cli-5.4.1.jar
7f5268004000-7f5268006000 r--s 00004000 08:12 9177370                    /home/jakub/.gradle/wrapper/dists/gradle-5.4.1-all/3221gyojl5jsh0helicew7rwx/gradle-5.4.1/lib/log4j-over-slf4j-1.7.25.jar
7f5268006000-7f5268008000 r--s 00000000 08:12 9177369                    /home/jakub/.gradle/wrapper/dists/gradle-5.4.1-all/3221gyojl5jsh0helicew7rwx/gradle-5.4.1/lib/jul-to-slf4j-1.7.25.jar
7f5268008000-7f526800a000 r--s 00003000 08:12 9177368                    /home/jakub/.gradle/wrapper/dists/gradle-5.4.1-all/3221gyojl5jsh0helicew7rwx/gradle-5.4.1/lib/jcl-over-slf4j-1.7.25.jar
7f526800a000-7f5268012000 r--s 00038000 08:12 9177351                    /home/jakub/.gradle/wrapper/dists/gradle-5.4.1-all/3221gyojl5jsh0helicew7rwx/gradle-5.4.1/lib/gradle-logging-5.4.1.jar
7f5268012000-7f5268014000 r--s 00006000 08:12 9177355                    /home/jakub/.gradle/wrapper/dists/gradle-5.4.1-all/3221gyojl5jsh0helicew7rwx/gradle-5.4.1/lib/gradle-base-services-groovy-5.4.1.jar
7f5268014000-7f5268016000 r--s 00007000 08:12 9177347                    /home/jakub/.gradle/wrapper/dists/gradle-5.4.1-all/3221gyojl5jsh0helicew7rwx/gradle-5.4.1/lib/gradle-model-groovy-5.4.1.jar
7f5268016000-7f5268017000 r--s 00007000 08:12 9177360                    /home/jakub/.gradle/wrapper/dists/gradle-5.4.1-all/3221gyojl5jsh0helicew7rwx/gradle-5.4.1/lib/gradle-docs-5.4.1.jar
7f5268017000-7f5268020000 r--s 0002d000 08:12 9177384                    /home/jakub/.gradle/wrapper/dists/gradle-5.4.1-all/3221gyojl5jsh0helicew7rwx/gradle-5.4.1/lib/xml-apis-1.4.01.jar
7f5268020000-7f5268021000 r--s 00000000 08:12 9177381                    /home/jakub/.gradle/wrapper/dists/gradle-5.4.1-all/3221gyojl5jsh0helicew7rwx/gradle-5.4.1/lib/javax.inject-1.jar
7f5268021000-7f526802c000 r--s 00086000 08:12 9177383                    /home/jakub/.gradle/wrapper/dists/gradle-5.4.1-all/3221gyojl5jsh0helicew7rwx/gradle-5.4.1/lib/commons-compress-1.18.jar
7f526802c000-7f526802e000 r--s 00007000 08:12 9177363                    /home/jakub/.gradle/wrapper/dists/gradle-5.4.1-all/3221gyojl5jsh0helicew7rwx/gradle-5.4.1/lib/asm-analysis-7.0.jar
7f526802e000-7f5268030000 r--s 0000b000 08:12 9177364                    /home/jakub/.gradle/wrapper/dists/gradle-5.4.1-all/3221gyojl5jsh0helicew7rwx/gradle-5.4.1/lib/asm-tree-7.0.jar
7f5268030000-7f5268032000 r--s 00012000 08:12 9177362                    /home/jakub/.gradle/wrapper/dists/gradle-5.4.1-all/3221gyojl5jsh0helicew7rwx/gradle-5.4.1/lib/asm-commons-7.0.jar
7f5268032000-7f5268033000 r--s 00004000 08:12 9177396                    /home/jakub/.gradle/wrapper/dists/gradle-5.4.1-all/3221gyojl5jsh0helicew7rwx/gradle-5.4.1/lib/native-platform-freebsd-amd64-libcpp-0.17.jar
7f5268033000-7f5268034000 r--s 00004000 08:12 9177397                    /home/jakub/.gradle/wrapper/dists/gradle-5.4.1-all/3221gyojl5jsh0helicew7rwx/gradle-5.4.1/lib/native-platform-freebsd-amd64-libstdcpp-0.17.jar
7f5268034000-7f5268035000 r--s 00004000 08:12 9177398                    /home/jakub/.gradle/wrapper/dists/gradle-5.4.1-all/3221gyojl5jsh0helicew7rwx/gradle-5.4.1/lib/native-platform-freebsd-i386-libcpp-0.17.jar
7f5268035000-7f5268036000 r--s 00004000 08:12 9177399                    /home/jakub/.gradle/wrapper/dists/gradle-5.4.1-all/3221gyojl5jsh0helicew7rwx/gradle-5.4.1/lib/native-platform-freebsd-i386-libstdcpp-0.17.jar
7f5268036000-7f5268037000 r--s 00002000 08:12 9177400                    /home/jakub/.gradle/wrapper/dists/gradle-5.4.1-all/3221gyojl5jsh0helicew7rwx/gradle-5.4.1/lib/native-platform-linux-amd64-0.17.jar
7f5268037000-7f5268038000 r--s 00002000 08:12 9177401                    /home/jakub/.gradle/wrapper/dists/gradle-5.4.1-all/3221gyojl5jsh0helicew7rwx/gradle-5.4.1/lib/native-platform-linux-i386-0.17.jar
7f5268038000-7f5268039000 r--s 00003000 08:12 9177402                    /home/jakub/.gradle/wrapper/dists/gradle-5.4.1-all/3221gyojl5jsh0helicew7rwx/gradle-5.4.1/lib/native-platform-osx-amd64-0.17.jar
7f5268039000-7f526803a000 r--s 00010000 08:12 9177403                    /home/jakub/.gradle/wrapper/dists/gradle-5.4.1-all/3221gyojl5jsh0helicew7rwx/gradle-5.4.1/lib/native-platform-windows-amd64-0.17.jar
7f526803a000-7f526803b000 r--s 00010000 08:12 9177404                    /home/jakub/.gradle/wrapper/dists/gradle-5.4.1-all/3221gyojl5jsh0helicew7rwx/gradle-5.4.1/lib/native-platform-windows-amd64-min-0.17.jar
7f526803b000-7f526803c000 r--s 0000e000 08:12 9177405                    /home/jakub/.gradle/wrapper/dists/gradle-5.4.1-all/3221gyojl5jsh0helicew7rwx/gradle-5.4.1/lib/native-platform-windows-i386-0.17.jar
7f526803c000-7f526803d000 r--s 0000e000 08:12 9177406                    /home/jakub/.gradle/wrapper/dists/gradle-5.4.1-all/3221gyojl5jsh0helicew7rwx/gradle-5.4.1/lib/native-platform-windows-i386-min-0.17.jar
7f526803d000-7f526803f000 r--s 00001000 08:12 9177407                    /home/jakub/.gradle/wrapper/dists/gradle-5.4.1-all/3221gyojl5jsh0helicew7rwx/gradle-5.4.1/lib/native-platform-linux-amd64-ncurses5-0.17.jar
7f526803f000-7f5268040000 r--s 00001000 08:12 9177408                    /home/jakub/.gradle/wrapper/dists/gradle-5.4.1-all/3221gyojl5jsh0helicew7rwx/gradle-5.4.1/lib/native-platform-linux-amd64-ncurses6-0.17.jar
7f5268040000-7f5268041000 r--s 00001000 08:12 9177409                    /home/jakub/.gradle/wrapper/dists/gradle-5.4.1-all/3221gyojl5jsh0helicew7rwx/gradle-5.4.1/lib/native-platform-linux-i386-ncurses5-0.17.jar
7f5268041000-7f5268046000 r--s 0001a000 08:12 9177382                    /home/jakub/.gradle/wrapper/dists/gradle-5.4.1-all/3221gyojl5jsh0helicew7rwx/gradle-5.4.1/lib/native-platform-0.17.jar
7f5268046000-7f526804a000 r--s 00042000 08:12 9177385                    /home/jakub/.gradle/wrapper/dists/gradle-5.4.1-all/3221gyojl5jsh0helicew7rwx/gradle-5.4.1/lib/jansi-1.17.1.jar
7f526804a000-7f526804e000 r--s 0000c000 08:12 9177354                    /home/jakub/.gradle/wrapper/dists/gradle-5.4.1-all/3221gyojl5jsh0helicew7rwx/gradle-5.4.1/lib/gradle-native-5.4.1.jar
7f526804e000-7f5268050000 r--s 0000c000 08:12 9177387                    /home/jakub/.gradle/wrapper/dists/gradle-5.4.1-all/3221gyojl5jsh0helicew7rwx/gradle-5.4.1/lib/objenesis-2.6.jar
7f5268050000-7f5268052000 r--s 00000000 08:12 9177393                    /home/jakub/.gradle/wrapper/dists/gradle-5.4.1-all/3221gyojl5jsh0helicew7rwx/gradle-5.4.1/lib/minlog-1.2.jar
7f5268052000-7f5268058000 r--s 0004d000 08:12 9177386                    /home/jakub/.gradle/wrapper/dists/gradle-5.4.1-all/3221gyojl5jsh0helicew7rwx/gradle-5.4.1/lib/kryo-2.24.0.jar
7f5268058000-7f526805f000 r--s 00030000 08:12 9177356                    /home/jakub/.gradle/wrapper/dists/gradle-5.4.1-all/3221gyojl5jsh0helicew7rwx/gradle-5.4.1/lib/gradle-messaging-5.4.1.jar
7f526805f000-7f5268061000 r--s 00006000 08:12 9177352                    /home/jakub/.gradle/wrapper/dists/gradle-5.4.1-all/3221gyojl5jsh0helicew7rwx/gradle-5.4.1/lib/gradle-process-services-5.4.1.jar
7f5268061000-7f5268063000 r--s 00000000 08:12 9177341                    /home/jakub/.gradle/wrapper/dists/gradle-5.4.1-all/3221gyojl5jsh0helicew7rwx/gradle-5.4.1/lib/gradle-jvm-services-5.4.1.jar
7f5268063000-7f5268093000 r--s 0024b000 08:12 9177376                    /home/jakub/.gradle/wrapper/dists/gradle-5.4.1-all/3221gyojl5jsh0helicew7rwx/gradle-5.4.1/lib/guava-26.0-android.jar
7f5268093000-7f5268096000 r--s 0001c000 08:12 9177378                    /home/jakub/.gradle/wrapper/dists/gradle-5.4.1-all/3221gyojl5jsh0helicew7rwx/gradle-5.4.1/lib/fastutil-8.2.1-min.jar
7f5268096000-7f52680b5000 r--s 001da000 08:12 9177380                    /home/jakub/.gradle/wrapper/dists/gradle-5.4.1-all/3221gyojl5jsh0helicew7rwx/gradle-5.4.1/lib/ant-1.9.13.jar
7f52680b5000-7f52680f1000 r--s 00203000 08:12 9177340                    /home/jakub/.gradle/wrapper/dists/gradle-5.4.1-all/3221gyojl5jsh0helicew7rwx/gradle-5.4.1/lib/gradle-core-5.4.1.jar
7f52680f1000-7f52680f2000 ---p 00000000 00:00 0 
7f52680f2000-7f52680f5000 ---p 00000000 00:00 0 
7f52680f5000-7f52681f2000 rw-p 00000000 00:00 0 
7f52681f2000-7f52681f3000 ---p 00000000 00:00 0 
7f52681f3000-7f52681f6000 ---p 00000000 00:00 0 
7f52681f6000-7f52682f3000 rw-p 00000000 00:00 0 
7f52682f3000-7f52682f4000 ---p 00000000 00:00 0 
7f52682f4000-7f52682f7000 ---p 00000000 00:00 0 
7f52682f7000-7f52683f4000 rw-p 00000000 00:00 0 
7f52683f4000-7f52683f5000 ---p 00000000 00:00 0 
7f52683f5000-7f52683f8000 ---p 00000000 00:00 0 
7f52683f8000-7f52684f5000 rw-p 00000000 00:00 0 
7f52684f5000-7f52684f8000 ---p 00000000 00:00 0 
7f52684f8000-7f52685f6000 rw-p 00000000 00:00 0 
7f52685f6000-7f52685f9000 ---p 00000000 00:00 0 
7f52685f9000-7f52686f7000 rw-p 00000000 00:00 0 
7f52686f7000-7f52686fa000 ---p 00000000 00:00 0 
7f52686fa000-7f52687f8000 rw-p 00000000 00:00 0 
7f52687f8000-7f52687f9000 ---p 00000000 00:00 0 
7f52687f9000-7f526c000000 rw-p 00000000 00:00 0 
7f526c000000-7f526c021000 rw-p 00000000 00:00 0 
7f526c021000-7f5270000000 ---p 00000000 00:00 0 
7f5270000000-7f5270002000 r--s 00003000 08:12 9177377                    /home/jakub/.gradle/wrapper/dists/gradle-5.4.1-all/3221gyojl5jsh0helicew7rwx/gradle-5.4.1/lib/jsr305-3.0.2.jar
7f5270002000-7f5270011000 r--s 00043000 08:12 9177349                    /home/jakub/.gradle/wrapper/dists/gradle-5.4.1-all/3221gyojl5jsh0helicew7rwx/gradle-5.4.1/lib/gradle-core-api-5.4.1.jar
7f5270011000-7f527001e000 r--s 00067000 08:12 9177357                    /home/jakub/.gradle/wrapper/dists/gradle-5.4.1-all/3221gyojl5jsh0helicew7rwx/gradle-5.4.1/lib/gradle-base-services-5.4.1.jar
7f527001e000-7f527002b000 r--s 0006d000 08:12 9177334                    /home/jakub/.gradle/wrapper/dists/gradle-5.4.1-all/3221gyojl5jsh0helicew7rwx/gradle-5.4.1/lib/gradle-launcher-5.4.1.jar
7f527002b000-7f5271000000 rw-p 00000000 00:00 0 
7f5271000000-7f52714a0000 rwxp 00000000 00:00 0 
7f52714a0000-7f5280000000 ---p 00000000 00:00 0 
7f5280000000-7f52811ce000 rw-p 00000000 00:00 0 
7f52811ce000-7f5284000000 ---p 00000000 00:00 0 
7f5284000000-7f52845b6000 rw-p 00000000 00:00 0 
7f52845b6000-7f5284788000 r--s 03cad000 08:12 9309265                    /home/jakub/Downloads/android-studio-ide-191.5900203-linux/android-studio/jre/jre/lib/rt.jar
7f5284788000-7f528539f000 rw-p 00000000 00:00 0 
7f528539f000-7f52853a0000 ---p 00000000 00:00 0 
7f52853a0000-7f52854a0000 rw-p 00000000 00:00 0 
7f52854a0000-7f52854a1000 ---p 00000000 00:00 0 
7f52854a1000-7f52855a1000 rw-p 00000000 00:00 0 
7f52855a1000-7f52855a2000 ---p 00000000 00:00 0 
7f52855a2000-7f52856a2000 rw-p 00000000 00:00 0 
7f52856a2000-7f52856a3000 ---p 00000000 00:00 0 
7f52856a3000-7f52857a3000 rw-p 00000000 00:00 0 
7f52857a3000-7f52857a4000 ---p 00000000 00:00 0 
7f52857a4000-7f52858a4000 rw-p 00000000 00:00 0 
7f52858a4000-7f52858a5000 ---p 00000000 00:00 0 
7f52858a5000-7f52859a5000 rw-p 00000000 00:00 0 
7f52859a5000-7f52859a6000 ---p 00000000 00:00 0 
7f52859a6000-7f5285aa6000 rw-p 00000000 00:00 0 
7f5285aa6000-7f5285aa7000 ---p 00000000 00:00 0 
7f5285aa7000-7f5285bd1000 rw-p 00000000 00:00 0 
7f5285bd1000-7f5285da7000 ---p 00000000 00:00 0 
7f5285da7000-7f5285dd1000 rw-p 00000000 00:00 0 
7f5285dd1000-7f5285fa7000 ---p 00000000 00:00 0 
7f5285fa7000-7f5285fea000 rw-p 00000000 00:00 0 
7f5285fea000-7f52860a7000 ---p 00000000 00:00 0 
7f52860a7000-7f52860bb000 rw-p 00000000 00:00 0 
7f52860bb000-7f5286468000 ---p 00000000 00:00 0 
7f5286468000-7f5286483000 r-xp 00000000 08:12 9309224                    /home/jakub/Downloads/android-studio-ide-191.5900203-linux/android-studio/jre/jre/lib/amd64/libzip.so
7f5286483000-7f5286484000 rw-p 0001a000 08:12 9309224                    /home/jakub/Downloads/android-studio-ide-191.5900203-linux/android-studio/jre/jre/lib/amd64/libzip.so
7f5286484000-7f5286487000 r--p 00000000 08:12 14426486                   /usr/lib/x86_64-linux-gnu/libnss_files-2.29.so
7f5286487000-7f528648e000 r-xp 00003000 08:12 14426486                   /usr/lib/x86_64-linux-gnu/libnss_files-2.29.so
7f528648e000-7f5286490000 r--p 0000a000 08:12 14426486                   /usr/lib/x86_64-linux-gnu/libnss_files-2.29.so
7f5286490000-7f5286491000 r--p 0000b000 08:12 14426486                   /usr/lib/x86_64-linux-gnu/libnss_files-2.29.so
7f5286491000-7f5286492000 rw-p 0000c000 08:12 14426486                   /usr/lib/x86_64-linux-gnu/libnss_files-2.29.so
7f5286492000-7f5286498000 rw-p 00000000 00:00 0 
7f5286498000-7f5286499000 r--s 00001000 08:12 9177410                    /home/jakub/.gradle/wrapper/dists/gradle-5.4.1-all/3221gyojl5jsh0helicew7rwx/gradle-5.4.1/lib/native-platform-linux-i386-ncurses6-0.17.jar
7f5286499000-7f528649e000 r--s 00041000 08:12 9177367                    /home/jakub/.gradle/wrapper/dists/gradle-5.4.1-all/3221gyojl5jsh0helicew7rwx/gradle-5.4.1/lib/commons-lang-2.6.jar
7f528649e000-7f52864a2000 r--s 00031000 08:12 9177366                    /home/jakub/.gradle/wrapper/dists/gradle-5.4.1-all/3221gyojl5jsh0helicew7rwx/gradle-5.4.1/lib/commons-io-2.6.jar
7f52864a2000-7f52864a4000 r--s 0001a000 08:12 9177365                    /home/jakub/.gradle/wrapper/dists/gradle-5.4.1-all/3221gyojl5jsh0helicew7rwx/gradle-5.4.1/lib/asm-7.0.jar
7f52864a4000-7f52864ac000 rw-s 00000000 08:12 4197195                    /tmp/hsperfdata_jakub/4802
7f52864ac000-7f52864d6000 r-xp 00000000 08:12 9309232                    /home/jakub/Downloads/android-studio-ide-191.5900203-linux/android-studio/jre/jre/lib/amd64/libjava.so
7f52864d6000-7f52864d8000 rw-p 0002a000 08:12 9309232                    /home/jakub/Downloads/android-studio-ide-191.5900203-linux/android-studio/jre/jre/lib/amd64/libjava.so
7f52864d8000-7f52864db000 r--p 00000000 08:12 14426694                   /usr/lib/x86_64-linux-gnu/librt-2.29.so
7f52864db000-7f52864df000 r-xp 00003000 08:12 14426694                   /usr/lib/x86_64-linux-gnu/librt-2.29.so
7f52864df000-7f52864e1000 r--p 00007000 08:12 14426694                   /usr/lib/x86_64-linux-gnu/librt-2.29.so
7f52864e1000-7f52864e2000 r--p 00008000 08:12 14426694                   /usr/lib/x86_64-linux-gnu/librt-2.29.so
7f52864e2000-7f52864e3000 rw-p 00009000 08:12 14426694                   /usr/lib/x86_64-linux-gnu/librt-2.29.so
7f52864e3000-7f52864e4000 ---p 00000000 00:00 0 
7f52864e4000-7f52864e7000 ---p 00000000 00:00 0 
7f52864e7000-7f52865e4000 rw-p 00000000 00:00 0 
7f52865e4000-7f52865f3000 r--p 00000000 08:12 14426358                   /usr/lib/x86_64-linux-gnu/libm-2.29.so
7f52865f3000-7f5286699000 r-xp 0000f000 08:12 14426358                   /usr/lib/x86_64-linux-gnu/libm-2.29.so
7f5286699000-7f5286730000 r--p 000b5000 08:12 14426358                   /usr/lib/x86_64-linux-gnu/libm-2.29.so
7f5286730000-7f5286731000 r--p 0014b000 08:12 14426358                   /usr/lib/x86_64-linux-gnu/libm-2.29.so
7f5286731000-7f5286732000 rw-p 0014c000 08:12 14426358                   /usr/lib/x86_64-linux-gnu/libm-2.29.so
7f5286732000-7f5287358000 r-xp 00000000 08:12 9309242                    /home/jakub/Downloads/android-studio-ide-191.5900203-linux/android-studio/jre/jre/lib/amd64/server/libjvm.so
7f5287358000-7f5287428000 rw-p 00c26000 08:12 9309242                    /home/jakub/Downloads/android-studio-ide-191.5900203-linux/android-studio/jre/jre/lib/amd64/server/libjvm.so
7f5287428000-7f528746e000 rw-p 00000000 00:00 0 
7f528746e000-7f5287493000 r--p 00000000 08:12 14425739                   /usr/lib/x86_64-linux-gnu/libc-2.29.so
7f5287493000-7f5287606000 r-xp 00025000 08:12 14425739                   /usr/lib/x86_64-linux-gnu/libc-2.29.so
7f5287606000-7f528764f000 r--p 00198000 08:12 14425739                   /usr/lib/x86_64-linux-gnu/libc-2.29.so
7f528764f000-7f5287652000 r--p 001e0000 08:12 14425739                   /usr/lib/x86_64-linux-gnu/libc-2.29.so
7f5287652000-7f5287655000 rw-p 001e3000 08:12 14425739                   /usr/lib/x86_64-linux-gnu/libc-2.29.so
7f5287655000-7f5287659000 rw-p 00000000 00:00 0 
7f5287659000-7f528765a000 r--p 00000000 08:12 14425876                   /usr/lib/x86_64-linux-gnu/libdl-2.29.so
7f528765a000-7f528765c000 r-xp 00001000 08:12 14425876                   /usr/lib/x86_64-linux-gnu/libdl-2.29.so
7f528765c000-7f528765d000 r--p 00003000 08:12 14425876                   /usr/lib/x86_64-linux-gnu/libdl-2.29.so
7f528765d000-7f528765e000 r--p 00003000 08:12 14425876                   /usr/lib/x86_64-linux-gnu/libdl-2.29.so
7f528765e000-7f528765f000 rw-p 00004000 08:12 14425876                   /usr/lib/x86_64-linux-gnu/libdl-2.29.so
7f528765f000-7f5287675000 r-xp 00000000 08:12 9309123                    /home/jakub/Downloads/android-studio-ide-191.5900203-linux/android-studio/jre/lib/amd64/jli/libjli.so
7f5287675000-7f5287676000 rw-p 00015000 08:12 9309123                    /home/jakub/Downloads/android-studio-ide-191.5900203-linux/android-studio/jre/lib/amd64/jli/libjli.so
7f5287676000-7f528767d000 r--p 00000000 08:12 14426628                   /usr/lib/x86_64-linux-gnu/libpthread-2.29.so
7f528767d000-7f528768c000 r-xp 00007000 08:12 14426628                   /usr/lib/x86_64-linux-gnu/libpthread-2.29.so
7f528768c000-7f5287691000 r--p 00016000 08:12 14426628                   /usr/lib/x86_64-linux-gnu/libpthread-2.29.so
7f5287691000-7f5287692000 r--p 0001a000 08:12 14426628                   /usr/lib/x86_64-linux-gnu/libpthread-2.29.so
7f5287692000-7f5287693000 rw-p 0001b000 08:12 14426628                   /usr/lib/x86_64-linux-gnu/libpthread-2.29.so
7f5287693000-7f5287697000 rw-p 00000000 00:00 0 
7f5287697000-7f5287699000 r--s 00009000 08:12 9177371                    /home/jakub/.gradle/wrapper/dists/gradle-5.4.1-all/3221gyojl5jsh0helicew7rwx/gradle-5.4.1/lib/slf4j-api-1.7.25.jar
7f5287699000-7f528769a000 r--s 00004000 08:12 9177392                    /home/jakub/.gradle/wrapper/dists/gradle-5.4.1-all/3221gyojl5jsh0helicew7rwx/gradle-5.4.1/lib/ant-launcher-1.9.13.jar
7f528769a000-7f528769b000 rw-p 00000000 00:00 0 
7f528769b000-7f528769c000 r--p 00000000 00:00 0 
7f528769c000-7f52876a9000 r-xp 00000000 08:12 9309220                    /home/jakub/Downloads/android-studio-ide-191.5900203-linux/android-studio/jre/jre/lib/amd64/libverify.so
7f52876a9000-7f52876ab000 rw-p 0000c000 08:12 9309220                    /home/jakub/Downloads/android-studio-ide-191.5900203-linux/android-studio/jre/jre/lib/amd64/libverify.so
7f52876ab000-7f52876ad000 rw-p 00000000 00:00 0 
7f52876ad000-7f52876ae000 r--p 00000000 08:12 14425519                   /usr/lib/x86_64-linux-gnu/ld-2.29.so
7f52876ae000-7f52876cf000 r-xp 00001000 08:12 14425519                   /usr/lib/x86_64-linux-gnu/ld-2.29.so
7f52876cf000-7f52876d7000 r--p 00022000 08:12 14425519                   /usr/lib/x86_64-linux-gnu/ld-2.29.so
7f52876d7000-7f52876d8000 r--p 00029000 08:12 14425519                   /usr/lib/x86_64-linux-gnu/ld-2.29.so
7f52876d8000-7f52876d9000 rw-p 0002a000 08:12 14425519                   /usr/lib/x86_64-linux-gnu/ld-2.29.so
7f52876d9000-7f52876da000 rw-p 00000000 00:00 0 
7ffd81c87000-7ffd81ca8000 rw-p 00000000 00:00 0                          [stack]
7ffd81cfd000-7ffd81d00000 r--p 00000000 00:00 0                          [vvar]
7ffd81d00000-7ffd81d01000 r-xp 00000000 00:00 0                          [vdso]
ffffffffff600000-ffffffffff601000 r-xp 00000000 00:00 0                  [vsyscall]

VM Arguments:
jvm_args: -Xmx1536m -Dfile.encoding=UTF-8 -Duser.country=US -Duser.language=en -Duser.variant 
java_command: org.gradle.launcher.daemon.bootstrap.GradleDaemon 5.4.1
java_class_path (initial): /home/jakub/.gradle/wrapper/dists/gradle-5.4.1-all/3221gyojl5jsh0helicew7rwx/gradle-5.4.1/lib/gradle-launcher-5.4.1.jar
Launcher Type: SUN_STANDARD

Environment Variables:
PATH=/home/jakub/.local/bin:/usr/local/sbin:/usr/local/bin:/usr/sbin:/usr/bin:/sbin:/bin:/usr/games:/usr/local/games:/snap/bin:/home/jakub/.dotnet/tools
USERNAME=jakub
SHELL=/bin/bash
DISPLAY=:0

Signal Handlers:
SIGSEGV: [libjvm.so+0xa09650], sa_mask[0]=11111111011111111101111111111110, sa_flags=SA_RESTART|SA_SIGINFO
SIGBUS: [libjvm.so+0xa09650], sa_mask[0]=11111111011111111101111111111110, sa_flags=SA_RESTART|SA_SIGINFO
SIGFPE: [libjvm.so+0x86bc60], sa_mask[0]=11111111011111111101111111111110, sa_flags=SA_RESTART|SA_SIGINFO
SIGPIPE: [libjvm.so+0x86bc60], sa_mask[0]=11111111011111111101111111111110, sa_flags=SA_RESTART|SA_SIGINFO
SIGXFSZ: [libjvm.so+0x86bc60], sa_mask[0]=11111111011111111101111111111110, sa_flags=SA_RESTART|SA_SIGINFO
SIGILL: [libjvm.so+0x86bc60], sa_mask[0]=11111111011111111101111111111110, sa_flags=SA_RESTART|SA_SIGINFO
SIGUSR1: SIG_DFL, sa_mask[0]=00000000000000000000000000000000, sa_flags=none
SIGUSR2: [libjvm.so+0x86bb30], sa_mask[0]=00100000000000000000000000000000, sa_flags=SA_RESTART|SA_SIGINFO
SIGHUP: [libjvm.so+0x86bd20], sa_mask[0]=11111111011111111101111111111110, sa_flags=SA_RESTART|SA_SIGINFO
SIGINT: [libjvm.so+0x86bd20], sa_mask[0]=11111111011111111101111111111110, sa_flags=SA_RESTART|SA_SIGINFO
SIGTERM: [libjvm.so+0x86bd20], sa_mask[0]=11111111011111111101111111111110, sa_flags=SA_RESTART|SA_SIGINFO
SIGQUIT: [libjvm.so+0x86bd20], sa_mask[0]=11111111011111111101111111111110, sa_flags=SA_RESTART|SA_SIGINFO


---------------  S Y S T E M  ---------------

OS:DISTRIB_ID=Ubuntu
DISTRIB_RELEASE=19.04
DISTRIB_CODENAME=disco
DISTRIB_DESCRIPTION="Ubuntu 19.04"

uname:Linux 5.0.0-29-generic #31-Ubuntu SMP Thu Sep 12 13:05:32 UTC 2019 x86_64
libc:glibc 2.29 NPTL 2.29 
rlimit: STACK 8192k, CORE 0k, NPROC 31349, NOFILE 524288, AS infinity
load average:2,61 0,82 0,29

/proc/meminfo:
MemTotal:        8074296 kB
MemFree:         3708588 kB
MemAvailable:    5216008 kB
Buffers:          120544 kB
Cached:          1871796 kB
SwapCached:            0 kB
Active:          2694756 kB
Inactive:         992608 kB
Active(anon):    1975212 kB
Inactive(anon):    61464 kB
Active(file):     719544 kB
Inactive(file):   931144 kB
Unevictable:      278096 kB
Mlocked:              48 kB
SwapTotal:       2097148 kB
SwapFree:        2097148 kB
Dirty:              6504 kB
Writeback:            64 kB
AnonPages:       1973816 kB
Mapped:           534332 kB
Shmem:            340808 kB
KReclaimable:     162088 kB
Slab:             287048 kB
SReclaimable:     162088 kB
SUnreclaim:       124960 kB
KernelStack:       13392 kB
PageTables:        27988 kB
NFS_Unstable:          0 kB
Bounce:                0 kB
WritebackTmp:          0 kB
CommitLimit:     6134296 kB
Committed_AS:    7599088 kB
VmallocTotal:   34359738367 kB
VmallocUsed:           0 kB
VmallocChunk:          0 kB
Percpu:             3872 kB
HardwareCorrupted:     0 kB
AnonHugePages:         0 kB
ShmemHugePages:        0 kB
ShmemPmdMapped:        0 kB
CmaTotal:              0 kB
CmaFree:               0 kB
HugePages_Total:       0
HugePages_Free:        0
HugePages_Rsvd:        0
HugePages_Surp:        0
Hugepagesize:       2048 kB
Hugetlb:               0 kB
DirectMap4k:      209664 kB
DirectMap2M:     5992448 kB
DirectMap1G:     2097152 kB

container (cgroup) information:
container_type: cgroupv1
cpu_cpuset_cpus: 0-7
cpu_memory_nodes: 0
active_processor_count: 8
cpu_quota: -1
cpu_period: 100000
cpu_shares: -1
memory_limit_in_bytes: -1
memory_and_swap_limit_in_bytes: -2
memory_soft_limit_in_bytes: -1
memory_usage_in_bytes: 1841704960
memory_max_usage_in_bytes: 1841704960


CPU:total 8 (initial active 8) (4 cores per cpu, 2 threads per core) family 6 model 60 stepping 3, cmov, cx8, fxsr, mmx, sse, sse2, sse3, ssse3, sse4.1, sse4.2, popcnt, avx, avx2, aes, clmul, erms, lzcnt, ht, tsc, tscinvbit, bmi1, bmi2

/proc/cpuinfo:
processor	: 0
vendor_id	: GenuineIntel
cpu family	: 6
model		: 60
model name	: Intel(R) Core(TM) i7-4700MQ CPU @ 2.40GHz
stepping	: 3
microcode	: 0x27
cpu MHz		: 3192.517
cache size	: 6144 KB
physical id	: 0
siblings	: 8
core id		: 0
cpu cores	: 4
apicid		: 0
initial apicid	: 0
fpu		: yes
fpu_exception	: yes
cpuid level	: 13
wp		: yes
flags		: fpu vme de pse tsc msr pae mce cx8 apic sep mtrr pge mca cmov pat pse36 clflush dts acpi mmx fxsr sse sse2 ss ht tm pbe syscall nx pdpe1gb rdtscp lm constant_tsc arch_perfmon pebs bts rep_good nopl xtopology nonstop_tsc cpuid aperfmperf pni pclmulqdq dtes64 monitor ds_cpl vmx est tm2 ssse3 sdbg fma cx16 xtpr pdcm pcid sse4_1 sse4_2 movbe popcnt tsc_deadline_timer aes xsave avx f16c rdrand lahf_lm abm cpuid_fault epb invpcid_single pti ssbd ibrs ibpb stibp tpr_shadow vnmi flexpriority ept vpid ept_ad fsgsbase tsc_adjust bmi1 avx2 smep bmi2 erms invpcid xsaveopt dtherm ida arat pln pts md_clear flush_l1d
bugs		: cpu_meltdown spectre_v1 spectre_v2 spec_store_bypass l1tf mds swapgs
bogomips	: 4788.77
clflush size	: 64
cache_alignment	: 64
address sizes	: 39 bits physical, 48 bits virtual
power management:

processor	: 1
vendor_id	: GenuineIntel
cpu family	: 6
model		: 60
model name	: Intel(R) Core(TM) i7-4700MQ CPU @ 2.40GHz
stepping	: 3
microcode	: 0x27
cpu MHz		: 3192.517
cache size	: 6144 KB
physical id	: 0
siblings	: 8
core id		: 0
cpu cores	: 4
apicid		: 1
initial apicid	: 1
fpu		: yes
fpu_exception	: yes
cpuid level	: 13
wp		: yes
flags		: fpu vme de pse tsc msr pae mce cx8 apic sep mtrr pge mca cmov pat pse36 clflush dts acpi mmx fxsr sse sse2 ss ht tm pbe syscall nx pdpe1gb rdtscp lm constant_tsc arch_perfmon pebs bts rep_good nopl xtopology nonstop_tsc cpuid aperfmperf pni pclmulqdq dtes64 monitor ds_cpl vmx est tm2 ssse3 sdbg fma cx16 xtpr pdcm pcid sse4_1 sse4_2 movbe popcnt tsc_deadline_timer aes xsave avx f16c rdrand lahf_lm abm cpuid_fault epb invpcid_single pti ssbd ibrs ibpb stibp tpr_shadow vnmi flexpriority ept vpid ept_ad fsgsbase tsc_adjust bmi1 avx2 smep bmi2 erms invpcid xsaveopt dtherm ida arat pln pts md_clear flush_l1d
bugs		: cpu_meltdown spectre_v1 spectre_v2 spec_store_bypass l1tf mds swapgs
bogomips	: 4788.77
clflush size	: 64
cache_alignment	: 64
address sizes	: 39 bits physical, 48 bits virtual
power management:

processor	: 2
vendor_id	: GenuineIntel
cpu family	: 6
model		: 60
model name	: Intel(R) Core(TM) i7-4700MQ CPU @ 2.40GHz
stepping	: 3
microcode	: 0x27
cpu MHz		: 3192.516
cache size	: 6144 KB
physical id	: 0
siblings	: 8
core id		: 1
cpu cores	: 4
apicid		: 2
initial apicid	: 2
fpu		: yes
fpu_exception	: yes
cpuid level	: 13
wp		: yes
flags		: fpu vme de pse tsc msr pae mce cx8 apic sep mtrr pge mca cmov pat pse36 clflush dts acpi mmx fxsr sse sse2 ss ht tm pbe syscall nx pdpe1gb rdtscp lm constant_tsc arch_perfmon pebs bts rep_good nopl xtopology nonstop_tsc cpuid aperfmperf pni pclmulqdq dtes64 monitor ds_cpl vmx est tm2 ssse3 sdbg fma cx16 xtpr pdcm pcid sse4_1 sse4_2 movbe popcnt tsc_deadline_timer aes xsave avx f16c rdrand lahf_lm abm cpuid_fault epb invpcid_single pti ssbd ibrs ibpb stibp tpr_shadow vnmi flexpriority ept vpid ept_ad fsgsbase tsc_adjust bmi1 avx2 smep bmi2 erms invpcid xsaveopt dtherm ida arat pln pts md_clear flush_l1d
bugs		: cpu_meltdown spectre_v1 spectre_v2 spec_store_bypass l1tf mds swapgs
bogomips	: 4788.77
clflush size	: 64
cache_alignment	: 64
address sizes	: 39 bits physical, 48 bits virtual
power management:

processor	: 3
vendor_id	: GenuineIntel
cpu family	: 6
model		: 60
model name	: Intel(R) Core(TM) i7-4700MQ CPU @ 2.40GHz
stepping	: 3
microcode	: 0x27
cpu MHz		: 3192.517
cache size	: 6144 KB
physical id	: 0
siblings	: 8
core id		: 1
cpu cores	: 4
apicid		: 3
initial apicid	: 3
fpu		: yes
fpu_exception	: yes
cpuid level	: 13
wp		: yes
flags		: fpu vme de pse tsc msr pae mce cx8 apic sep mtrr pge mca cmov pat pse36 clflush dts acpi mmx fxsr sse sse2 ss ht tm pbe syscall nx pdpe1gb rdtscp lm constant_tsc arch_perfmon pebs bts rep_good nopl xtopology nonstop_tsc cpuid aperfmperf pni pclmulqdq dtes64 monitor ds_cpl vmx est tm2 ssse3 sdbg fma cx16 xtpr pdcm pcid sse4_1 sse4_2 movbe popcnt tsc_deadline_timer aes xsave avx f16c rdrand lahf_lm abm cpuid_fault epb invpcid_single pti ssbd ibrs ibpb stibp tpr_shadow vnmi flexpriority ept vpid ept_ad fsgsbase tsc_adjust bmi1 avx2 smep bmi2 erms invpcid xsaveopt dtherm ida arat pln pts md_clear flush_l1d
bugs		: cpu_meltdown spectre_v1 spectre_v2 spec_store_bypass l1tf mds swapgs
bogomips	: 4788.77
clflush size	: 64
cache_alignment	: 64
address sizes	: 39 bits physical, 48 bits virtual
power management:

processor	: 4
vendor_id	: GenuineIntel
cpu family	: 6
model		: 60
model name	: Intel(R) Core(TM) i7-4700MQ CPU @ 2.40GHz
stepping	: 3
microcode	: 0x27
cpu MHz		: 3192.517
cache size	: 6144 KB
physical id	: 0
siblings	: 8
core id		: 2
cpu cores	: 4
apicid		: 4
initial apicid	: 4
fpu		: yes
fpu_exception	: yes
cpuid level	: 13
wp		: yes
flags		: fpu vme de pse tsc msr pae mce cx8 apic sep mtrr pge mca cmov pat pse36 clflush dts acpi mmx fxsr sse sse2 ss ht tm pbe syscall nx pdpe1gb rdtscp lm constant_tsc arch_perfmon pebs bts rep_good nopl xtopology nonstop_tsc cpuid aperfmperf pni pclmulqdq dtes64 monitor ds_cpl vmx est tm2 ssse3 sdbg fma cx16 xtpr pdcm pcid sse4_1 sse4_2 movbe popcnt tsc_deadline_timer aes xsave avx f16c rdrand lahf_lm abm cpuid_fault epb invpcid_single pti ssbd ibrs ibpb stibp tpr_shadow vnmi flexpriority ept vpid ept_ad fsgsbase tsc_adjust bmi1 avx2 smep bmi2 erms invpcid xsaveopt dtherm ida arat pln pts md_clear flush_l1d
bugs		: cpu_meltdown spectre_v1 spectre_v2 spec_store_bypass l1tf mds swapgs
bogomips	: 4788.77
clflush size	: 64
cache_alignment	: 64
address sizes	: 39 bits physical, 48 bits virtual
power management:

processor	: 5
vendor_id	: GenuineIntel
cpu family	: 6
model		: 60
model name	: Intel(R) Core(TM) i7-4700MQ CPU @ 2.40GHz
stepping	: 3
microcode	: 0x27
cpu MHz		: 3192.520
cache size	: 6144 KB
physical id	: 0
siblings	: 8
core id		: 2
cpu cores	: 4
apicid		: 5
initial apicid	: 5
fpu		: yes
fpu_exception	: yes
cpuid level	: 13
wp		: yes
flags		: fpu vme de pse tsc msr pae mce cx8 apic sep mtrr pge mca cmov pat pse36 clflush dts acpi mmx fxsr sse sse2 ss ht tm pbe syscall nx pdpe1gb rdtscp lm constant_tsc arch_perfmon pebs bts rep_good nopl xtopology nonstop_tsc cpuid aperfmperf pni pclmulqdq dtes64 monitor ds_cpl vmx est tm2 ssse3 sdbg fma cx16 xtpr pdcm pcid sse4_1 sse4_2 movbe popcnt tsc_deadline_timer aes xsave avx f16c rdrand lahf_lm abm cpuid_fault epb invpcid_single pti ssbd ibrs ibpb stibp tpr_shadow vnmi flexpriority ept vpid ept_ad fsgsbase tsc_adjust bmi1 avx2 smep bmi2 erms invpcid xsaveopt dtherm ida arat pln pts md_clear flush_l1d
bugs		: cpu_meltdown spectre_v1 spectre_v2 spec_store_bypass l1tf mds swapgs
bogomips	: 4788.77
clflush size	: 64
cache_alignment	: 64
address sizes	: 39 bits physical, 48 bits virtual
power management:

processor	: 6
vendor_id	: GenuineIntel
cpu family	: 6
model		: 60
model name	: Intel(R) Core(TM) i7-4700MQ CPU @ 2.40GHz
stepping	: 3
microcode	: 0x27
cpu MHz		: 3192.515
cache size	: 6144 KB
physical id	: 0
siblings	: 8
core id		: 3
cpu cores	: 4
apicid		: 6
initial apicid	: 6
fpu		: yes
fpu_exception	: yes
cpuid level	: 13
wp		: yes
flags		: fpu vme de pse tsc msr pae mce cx8 apic sep mtrr pge mca cmov pat pse36 clflush dts acpi mmx fxsr sse sse2 ss ht tm pbe syscall nx pdpe1gb rdtscp lm constant_tsc arch_perfmon pebs bts rep_good nopl xtopology nonstop_tsc cpuid aperfmperf pni pclmulqdq dtes64 monitor ds_cpl vmx est tm2 ssse3 sdbg fma cx16 xtpr pdcm pcid sse4_1 sse4_2 movbe popcnt tsc_deadline_timer aes xsave avx f16c rdrand lahf_lm abm cpuid_fault epb invpcid_single pti ssbd ibrs ibpb stibp tpr_shadow vnmi flexpriority ept vpid ept_ad fsgsbase tsc_adjust bmi1 avx2 smep bmi2 erms invpcid xsaveopt dtherm ida arat pln pts md_clear flush_l1d
bugs		: cpu_meltdown spectre_v1 spectre_v2 spec_store_bypass l1tf mds swapgs
bogomips	: 4788.77
clflush size	: 64
cache_alignment	: 64
address sizes	: 39 bits physical, 48 bits virtual
power management:

processor	: 7
vendor_id	: GenuineIntel
cpu family	: 6
model		: 60
model name	: Intel(R) Core(TM) i7-4700MQ CPU @ 2.40GHz
stepping	: 3
microcode	: 0x27
cpu MHz		: 3192.515
cache size	: 6144 KB
physical id	: 0
siblings	: 8
core id		: 3
cpu cores	: 4
apicid		: 7
initial apicid	: 7
fpu		: yes
fpu_exception	: yes
cpuid level	: 13
wp		: yes
flags		: fpu vme de pse tsc msr pae mce cx8 apic sep mtrr pge mca cmov pat pse36 clflush dts acpi mmx fxsr sse sse2 ss ht tm pbe syscall nx pdpe1gb rdtscp lm constant_tsc arch_perfmon pebs bts rep_good nopl xtopology nonstop_tsc cpuid aperfmperf pni pclmulqdq dtes64 monitor ds_cpl vmx est tm2 ssse3 sdbg fma cx16 xtpr pdcm pcid sse4_1 sse4_2 movbe popcnt tsc_deadline_timer aes xsave avx f16c rdrand lahf_lm abm cpuid_fault epb invpcid_single pti ssbd ibrs ibpb stibp tpr_shadow vnmi flexpriority ept vpid ept_ad fsgsbase tsc_adjust bmi1 avx2 smep bmi2 erms invpcid xsaveopt dtherm ida arat pln pts md_clear flush_l1d
bugs		: cpu_meltdown spectre_v1 spectre_v2 spec_store_bypass l1tf mds swapgs
bogomips	: 4788.77
clflush size	: 64
cache_alignment	: 64
address sizes	: 39 bits physical, 48 bits virtual
power management:



Memory: 4k page, physical 8074296k(3705312k free), swap 2097148k(2097148k free)

vm_info: OpenJDK 64-Bit Server VM (25.202-b49-5587405) for linux-amd64 JRE (1.8.0_202-release-1483-b49-5587405), built by "android-build" with gcc 4.8

time: Thu Oct  3 21:19:51 2019
timezone: CEST
elapsed time: 2 seconds (0d 0h 0m 2s)

